{"numFailedTestSuites":48,"numFailedTests":0,"numPassedTestSuites":0,"numPassedTests":0,"numPendingTestSuites":0,"numPendingTests":0,"numRuntimeErrorTestSuites":48,"numTodoTests":0,"numTotalTestSuites":48,"numTotalTests":0,"openHandles":[],"snapshot":{"added":0,"didUpdate":false,"failure":false,"filesAdded":0,"filesRemoved":0,"filesRemovedList":[],"filesUnmatched":0,"filesUpdated":0,"matched":0,"total":0,"unchecked":0,"uncheckedKeysByFile":[],"unmatched":0,"updated":0},"startTime":1759535879097,"success":false,"testResults":[{"assertionResults":[],"coverage":{},"endTime":1759535926440,"message":"  \u001b[1m● \u001b[22mTest suite failed to run\n\n    SyntaxError: C:\\Users\\Ezequiel\\Desktop\\Code\\sunsteel\\sunnsteel-frontend\\__tests__\\app\\protected\\routines\\routine-details-page.test.tsx: Unexpected token, expected \"from\" (5:12)\n\n    \u001b[0m \u001b[90m 3 |\u001b[39m \u001b[36mimport\u001b[39m { render\u001b[33m,\u001b[39m screen\u001b[33m,\u001b[39m waitFor } \u001b[36mfrom\u001b[39m \u001b[32m'@/__tests__/utils'\u001b[39m\u001b[33m;\u001b[39m\n     \u001b[90m 4 |\u001b[39m \u001b[36mimport\u001b[39m userEvent \u001b[36mfrom\u001b[39m \u001b[32m'@testing-library/user-event'\u001b[39m\u001b[33m;\u001b[39m\n    \u001b[31m\u001b[1m>\u001b[22m\u001b[39m\u001b[90m 5 |\u001b[39m \u001b[36mimport\u001b[39m type { \u001b[33mRoutine\u001b[39m } \u001b[36mfrom\u001b[39m \u001b[32m'@/lib/api/types/routine.type'\u001b[39m\u001b[33m;\u001b[39m\n     \u001b[90m   |\u001b[39m             \u001b[31m\u001b[1m^\u001b[22m\u001b[39m\n     \u001b[90m 6 |\u001b[39m \u001b[36mimport\u001b[39m type { \u001b[33mWorkoutSession\u001b[39m } \u001b[36mfrom\u001b[39m \u001b[32m'@/lib/api/types/workout.type'\u001b[39m\u001b[33m;\u001b[39m\n     \u001b[90m 7 |\u001b[39m\n     \u001b[90m 8 |\u001b[39m \u001b[90m// Router mocks (capture push)\u001b[39m\u001b[0m\n\n      \u001b[2mat constructor (\u001b[22m../../../../AppData/Local/npm-cache/_npx/b8d86e6551a4f492/node_modules/@babel/parser/src/parse-error.ts\u001b[2m:95:45)\u001b[22m\n      \u001b[2mat Parser.toParseError [as raise] (\u001b[22m../../../../AppData/Local/npm-cache/_npx/b8d86e6551a4f492/node_modules/@babel/parser/src/tokenizer/index.ts\u001b[2m:1503:19)\u001b[22m\n      \u001b[2mat Parser.raise [as unexpected] (\u001b[22m../../../../AppData/Local/npm-cache/_npx/b8d86e6551a4f492/node_modules/@babel/parser/src/tokenizer/index.ts\u001b[2m:1543:16)\u001b[22m\n      \u001b[2mat Parser.unexpected [as expectContextual] (\u001b[22m../../../../AppData/Local/npm-cache/_npx/b8d86e6551a4f492/node_modules/@babel/parser/src/parser/util.ts\u001b[2m:114:12)\u001b[22m\n      \u001b[2mat Parser.expectContextual [as parseImportSpecifiersAndAfter] (\u001b[22m../../../../AppData/Local/npm-cache/_npx/b8d86e6551a4f492/node_modules/@babel/parser/src/parser/statement.ts\u001b[2m:3174:10)\u001b[22m\n      \u001b[2mat Parser.parseImportSpecifiersAndAfter [as parseImport] (\u001b[22m../../../../AppData/Local/npm-cache/_npx/b8d86e6551a4f492/node_modules/@babel/parser/src/parser/statement.ts\u001b[2m:3142:17)\u001b[22m\n      \u001b[2mat Parser.parseImport [as parseStatementContent] (\u001b[22m../../../../AppData/Local/npm-cache/_npx/b8d86e6551a4f492/node_modules/@babel/parser/src/parser/statement.ts\u001b[2m:642:25)\u001b[22m\n      \u001b[2mat Parser.parseStatementContent [as parseStatementLike] (\u001b[22m../../../../AppData/Local/npm-cache/_npx/b8d86e6551a4f492/node_modules/@babel/parser/src/parser/statement.ts\u001b[2m:477:17)\u001b[22m\n      \u001b[2mat Parser.parseStatementLike [as parseModuleItem] (\u001b[22m../../../../AppData/Local/npm-cache/_npx/b8d86e6551a4f492/node_modules/@babel/parser/src/parser/statement.ts\u001b[2m:414:17)\u001b[22m\n      \u001b[2mat Parser.parseModuleItem [as parseBlockOrModuleBlockBody] (\u001b[22m../../../../AppData/Local/npm-cache/_npx/b8d86e6551a4f492/node_modules/@babel/parser/src/parser/statement.ts\u001b[2m:1438:16)\u001b[22m\n      \u001b[2mat Parser.parseBlockOrModuleBlockBody [as parseBlockBody] (\u001b[22m../../../../AppData/Local/npm-cache/_npx/b8d86e6551a4f492/node_modules/@babel/parser/src/parser/statement.ts\u001b[2m:1412:10)\u001b[22m\n      \u001b[2mat Parser.parseBlockBody [as parseProgram] (\u001b[22m../../../../AppData/Local/npm-cache/_npx/b8d86e6551a4f492/node_modules/@babel/parser/src/parser/statement.ts\u001b[2m:229:10)\u001b[22m\n      \u001b[2mat Parser.parseProgram [as parseTopLevel] (\u001b[22m../../../../AppData/Local/npm-cache/_npx/b8d86e6551a4f492/node_modules/@babel/parser/src/parser/statement.ts\u001b[2m:203:25)\u001b[22m\n      \u001b[2mat Parser.parseTopLevel [as parse] (\u001b[22m../../../../AppData/Local/npm-cache/_npx/b8d86e6551a4f492/node_modules/@babel/parser/src/parser/index.ts\u001b[2m:93:10)\u001b[22m\n      \u001b[2mat parse (\u001b[22m../../../../AppData/Local/npm-cache/_npx/b8d86e6551a4f492/node_modules/@babel/parser/src/index.ts\u001b[2m:92:38)\u001b[22m\n      \u001b[2mat parser (\u001b[22m../../../../AppData/Local/npm-cache/_npx/b8d86e6551a4f492/node_modules/@babel/core/src/parser/index.ts\u001b[2m:28:19)\u001b[22m\n          at parser.next (<anonymous>)\n      \u001b[2mat normalizeFile (\u001b[22m../../../../AppData/Local/npm-cache/_npx/b8d86e6551a4f492/node_modules/@babel/core/src/transformation/normalize-file.ts\u001b[2m:49:24)\u001b[22m\n          at normalizeFile.next (<anonymous>)\n      \u001b[2mat run (\u001b[22m../../../../AppData/Local/npm-cache/_npx/b8d86e6551a4f492/node_modules/@babel/core/src/transformation/index.ts\u001b[2m:40:36)\u001b[22m\n          at run.next (<anonymous>)\n      \u001b[2mat transform (\u001b[22m../../../../AppData/Local/npm-cache/_npx/b8d86e6551a4f492/node_modules/@babel/core/src/transform.ts\u001b[2m:29:20)\u001b[22m\n          at transform.next (<anonymous>)\n      \u001b[2mat evaluateSync (\u001b[22m../../../../AppData/Local/npm-cache/_npx/b8d86e6551a4f492/node_modules/gensync/index.js\u001b[2m:251:28)\u001b[22m\n      \u001b[2mat sync (\u001b[22m../../../../AppData/Local/npm-cache/_npx/b8d86e6551a4f492/node_modules/gensync/index.js\u001b[2m:89:14)\u001b[22m\n      \u001b[2mat fn (\u001b[22m../../../../AppData/Local/npm-cache/_npx/b8d86e6551a4f492/node_modules/@babel/core/src/errors/rewrite-stack-trace.ts\u001b[2m:99:14)\u001b[22m\n      \u001b[2mat transformSync (\u001b[22m../../../../AppData/Local/npm-cache/_npx/b8d86e6551a4f492/node_modules/@babel/core/src/transform.ts\u001b[2m:66:52)\u001b[22m\n      \u001b[2mat ScriptTransformer.transformSource (\u001b[22m../../../../AppData/Local/npm-cache/_npx/b8d86e6551a4f492/node_modules/@jest/transform/build/index.js\u001b[2m:422:31)\u001b[22m\n      \u001b[2mat ScriptTransformer._transformAndBuildScript (\u001b[22m../../../../AppData/Local/npm-cache/_npx/b8d86e6551a4f492/node_modules/@jest/transform/build/index.js\u001b[2m:519:40)\u001b[22m\n      \u001b[2mat ScriptTransformer.transform (\u001b[22m../../../../AppData/Local/npm-cache/_npx/b8d86e6551a4f492/node_modules/@jest/transform/build/index.js\u001b[2m:558:19)\u001b[22m\n","name":"C:\\Users\\Ezequiel\\Desktop\\Code\\sunsteel\\sunnsteel-frontend\\__tests__\\app\\protected\\routines\\routine-details-page.test.tsx","startTime":1759535926440,"status":"failed","summary":""},{"assertionResults":[],"coverage":{},"endTime":1759535926440,"message":"  \u001b[1m● \u001b[22mTest suite failed to run\n\n    \u001b[1m\u001b[31mJest encountered an unexpected token\u001b[39m\u001b[22m\n\n    Jest failed to parse a file. This happens e.g. when your code or its dependencies use non-standard JavaScript syntax, or when Jest is not configured to support such syntax.\n\n    Out of the box Jest supports Babel, which will be used to transform your files into valid JS based on your Babel configuration.\n\n    By default \"node_modules\" folder is ignored by transformers.\n\n    Here's what you can do:\n     • If you are trying to use ECMAScript Modules, see \u001b[4mhttps://jestjs.io/docs/ecmascript-modules\u001b[24m for how to enable it.\n     • If you are trying to use TypeScript, see \u001b[4mhttps://jestjs.io/docs/getting-started#using-typescript\u001b[24m\n     • To have some of your \"node_modules\" files transformed, you can specify a custom \u001b[1m\"transformIgnorePatterns\"\u001b[22m in your config.\n     • If you need a custom transformation, specify a \u001b[1m\"transform\"\u001b[22m option in your config.\n     • If you simply want to mock your non-JS modules (e.g. binary assets) you can stub them out with the \u001b[1m\"moduleNameMapper\"\u001b[22m config option.\n\n    You'll find more details and examples of these config options in the docs:\n    \u001b[36mhttps://jestjs.io/docs/configuration\u001b[39m\n    For information about custom transformations, see:\n    \u001b[36mhttps://jestjs.io/docs/code-transformation\u001b[39m\n\n    \u001b[1m\u001b[31mDetails:\u001b[39m\u001b[22m\n\n    C:\\Users\\Ezequiel\\Desktop\\Code\\sunsteel\\sunnsteel-frontend\\__tests__\\lib\\utils\\volume.test.ts:1\n    import { describe, it, expect } from 'vitest';\n    ^^^^^^\n\n    SyntaxError: Cannot use import statement outside a module\n\n      \u001b[2mat Runtime.createScriptFromCode (\u001b[22m../../../../AppData/Local/npm-cache/_npx/b8d86e6551a4f492/node_modules/jest-runtime/build/index.js\u001b[2m:1318:40)\u001b[22m\n","name":"C:\\Users\\Ezequiel\\Desktop\\Code\\sunsteel\\sunnsteel-frontend\\__tests__\\lib\\utils\\volume.test.ts","startTime":1759535926440,"status":"failed","summary":""},{"assertionResults":[],"coverage":{},"endTime":1759535926440,"message":"  \u001b[1m● \u001b[22mTest suite failed to run\n\n    SyntaxError: C:\\Users\\Ezequiel\\Desktop\\Code\\sunsteel\\sunnsteel-frontend\\__tests__\\lib\\api\\rtf-forecast-deterministic.test.ts: Unexpected token, expected \")\" (19:33)\n\n    \u001b[0m \u001b[90m 17 |\u001b[39m \tglobalThis\u001b[33m.\u001b[39m__RTF_REQUEST_MOCK__ \u001b[33m=\u001b[39m requestMock\n     \u001b[90m 18 |\u001b[39m \t\u001b[36mreturn\u001b[39m {\n    \u001b[31m\u001b[1m>\u001b[22m\u001b[39m\u001b[90m 19 |\u001b[39m \t\thttpClient\u001b[33m:\u001b[39m { request\u001b[33m:\u001b[39m (\u001b[33m...\u001b[39margs\u001b[33m:\u001b[39m any[]) \u001b[33m=>\u001b[39m requestMock(\u001b[33m...\u001b[39margs) }\n     \u001b[90m    |\u001b[39m \t\t                               \u001b[31m\u001b[1m^\u001b[22m\u001b[39m\n     \u001b[90m 20 |\u001b[39m \t}\n     \u001b[90m 21 |\u001b[39m })\n     \u001b[90m 22 |\u001b[39m\u001b[0m\n\n      \u001b[2mat constructor (\u001b[22m../../../../AppData/Local/npm-cache/_npx/b8d86e6551a4f492/node_modules/@babel/parser/src/parse-error.ts\u001b[2m:95:45)\u001b[22m\n      \u001b[2mat Parser.toParseError [as raise] (\u001b[22m../../../../AppData/Local/npm-cache/_npx/b8d86e6551a4f492/node_modules/@babel/parser/src/tokenizer/index.ts\u001b[2m:1503:19)\u001b[22m\n      \u001b[2mat Parser.raise [as unexpected] (\u001b[22m../../../../AppData/Local/npm-cache/_npx/b8d86e6551a4f492/node_modules/@babel/parser/src/tokenizer/index.ts\u001b[2m:1543:16)\u001b[22m\n      \u001b[2mat Parser.unexpected [as expect] (\u001b[22m../../../../AppData/Local/npm-cache/_npx/b8d86e6551a4f492/node_modules/@babel/parser/src/parser/util.ts\u001b[2m:157:12)\u001b[22m\n      \u001b[2mat Parser.expect [as parseParenAndDistinguishExpression] (\u001b[22m../../../../AppData/Local/npm-cache/_npx/b8d86e6551a4f492/node_modules/@babel/parser/src/parser/expression.ts\u001b[2m:1823:10)\u001b[22m\n      \u001b[2mat Parser.parseParenAndDistinguishExpression [as parseExprAtom] (\u001b[22m../../../../AppData/Local/npm-cache/_npx/b8d86e6551a4f492/node_modules/@babel/parser/src/parser/expression.ts\u001b[2m:1162:21)\u001b[22m\n      \u001b[2mat Parser.parseExprAtom [as parseExprSubscripts] (\u001b[22m../../../../AppData/Local/npm-cache/_npx/b8d86e6551a4f492/node_modules/@babel/parser/src/parser/expression.ts\u001b[2m:734:23)\u001b[22m\n      \u001b[2mat Parser.parseExprSubscripts [as parseUpdate] (\u001b[22m../../../../AppData/Local/npm-cache/_npx/b8d86e6551a4f492/node_modules/@babel/parser/src/parser/expression.ts\u001b[2m:713:21)\u001b[22m\n      \u001b[2mat Parser.parseUpdate [as parseMaybeUnary] (\u001b[22m../../../../AppData/Local/npm-cache/_npx/b8d86e6551a4f492/node_modules/@babel/parser/src/parser/expression.ts\u001b[2m:675:23)\u001b[22m\n      \u001b[2mat Parser.parseMaybeUnary [as parseMaybeUnaryOrPrivate] (\u001b[22m../../../../AppData/Local/npm-cache/_npx/b8d86e6551a4f492/node_modules/@babel/parser/src/parser/expression.ts\u001b[2m:409:14)\u001b[22m\n      \u001b[2mat Parser.parseMaybeUnaryOrPrivate [as parseExprOps] (\u001b[22m../../../../AppData/Local/npm-cache/_npx/b8d86e6551a4f492/node_modules/@babel/parser/src/parser/expression.ts\u001b[2m:421:23)\u001b[22m\n      \u001b[2mat Parser.parseExprOps [as parseMaybeConditional] (\u001b[22m../../../../AppData/Local/npm-cache/_npx/b8d86e6551a4f492/node_modules/@babel/parser/src/parser/expression.ts\u001b[2m:376:23)\u001b[22m\n      \u001b[2mat Parser.parseMaybeConditional [as parseMaybeAssign] (\u001b[22m../../../../AppData/Local/npm-cache/_npx/b8d86e6551a4f492/node_modules/@babel/parser/src/parser/expression.ts\u001b[2m:301:21)\u001b[22m\n      \u001b[2mat parseMaybeAssign (\u001b[22m../../../../AppData/Local/npm-cache/_npx/b8d86e6551a4f492/node_modules/@babel/parser/src/parser/expression.ts\u001b[2m:257:12)\u001b[22m\n      \u001b[2mat Parser.callback [as allowInAnd] (\u001b[22m../../../../AppData/Local/npm-cache/_npx/b8d86e6551a4f492/node_modules/@babel/parser/src/parser/expression.ts\u001b[2m:3192:12)\u001b[22m\n      \u001b[2mat Parser.allowInAnd [as parseMaybeAssignAllowIn] (\u001b[22m../../../../AppData/Local/npm-cache/_npx/b8d86e6551a4f492/node_modules/@babel/parser/src/parser/expression.ts\u001b[2m:256:17)\u001b[22m\n      \u001b[2mat Parser.parseMaybeAssignAllowIn [as parseMaybeAssignAllowInOrVoidPattern] (\u001b[22m../../../../AppData/Local/npm-cache/_npx/b8d86e6551a4f492/node_modules/@babel/parser/src/parser/expression.ts\u001b[2m:3306:17)\u001b[22m\n      \u001b[2mat Parser.parseMaybeAssignAllowInOrVoidPattern [as parseObjectProperty] (\u001b[22m../../../../AppData/Local/npm-cache/_npx/b8d86e6551a4f492/node_modules/@babel/parser/src/parser/expression.ts\u001b[2m:2315:16)\u001b[22m\n      \u001b[2mat Parser.parseObjectProperty [as parseObjPropValue] (\u001b[22m../../../../AppData/Local/npm-cache/_npx/b8d86e6551a4f492/node_modules/@babel/parser/src/parser/expression.ts\u001b[2m:2378:12)\u001b[22m\n      \u001b[2mat Parser.parseObjPropValue [as parsePropertyDefinition] (\u001b[22m../../../../AppData/Local/npm-cache/_npx/b8d86e6551a4f492/node_modules/@babel/parser/src/parser/expression.ts\u001b[2m:2218:17)\u001b[22m\n      \u001b[2mat Parser.parsePropertyDefinition [as parseObjectLike] (\u001b[22m../../../../AppData/Local/npm-cache/_npx/b8d86e6551a4f492/node_modules/@babel/parser/src/parser/expression.ts\u001b[2m:2085:21)\u001b[22m\n      \u001b[2mat Parser.parseObjectLike [as parseExprAtom] (\u001b[22m../../../../AppData/Local/npm-cache/_npx/b8d86e6551a4f492/node_modules/@babel/parser/src/parser/expression.ts\u001b[2m:1174:21)\u001b[22m\n      \u001b[2mat Parser.parseExprAtom [as parseExprSubscripts] (\u001b[22m../../../../AppData/Local/npm-cache/_npx/b8d86e6551a4f492/node_modules/@babel/parser/src/parser/expression.ts\u001b[2m:734:23)\u001b[22m\n      \u001b[2mat Parser.parseExprSubscripts [as parseUpdate] (\u001b[22m../../../../AppData/Local/npm-cache/_npx/b8d86e6551a4f492/node_modules/@babel/parser/src/parser/expression.ts\u001b[2m:713:21)\u001b[22m\n      \u001b[2mat Parser.parseUpdate [as parseMaybeUnary] (\u001b[22m../../../../AppData/Local/npm-cache/_npx/b8d86e6551a4f492/node_modules/@babel/parser/src/parser/expression.ts\u001b[2m:675:23)\u001b[22m\n      \u001b[2mat Parser.parseMaybeUnary [as parseMaybeUnaryOrPrivate] (\u001b[22m../../../../AppData/Local/npm-cache/_npx/b8d86e6551a4f492/node_modules/@babel/parser/src/parser/expression.ts\u001b[2m:409:14)\u001b[22m\n      \u001b[2mat Parser.parseMaybeUnaryOrPrivate [as parseExprOps] (\u001b[22m../../../../AppData/Local/npm-cache/_npx/b8d86e6551a4f492/node_modules/@babel/parser/src/parser/expression.ts\u001b[2m:421:23)\u001b[22m\n      \u001b[2mat Parser.parseExprOps [as parseMaybeConditional] (\u001b[22m../../../../AppData/Local/npm-cache/_npx/b8d86e6551a4f492/node_modules/@babel/parser/src/parser/expression.ts\u001b[2m:376:23)\u001b[22m\n      \u001b[2mat Parser.parseMaybeConditional [as parseMaybeAssign] (\u001b[22m../../../../AppData/Local/npm-cache/_npx/b8d86e6551a4f492/node_modules/@babel/parser/src/parser/expression.ts\u001b[2m:301:21)\u001b[22m\n      \u001b[2mat parseMaybeAssign (\u001b[22m../../../../AppData/Local/npm-cache/_npx/b8d86e6551a4f492/node_modules/@babel/parser/src/parser/expression.ts\u001b[2m:257:12)\u001b[22m\n      \u001b[2mat Parser.callback [as allowInAnd] (\u001b[22m../../../../AppData/Local/npm-cache/_npx/b8d86e6551a4f492/node_modules/@babel/parser/src/parser/expression.ts\u001b[2m:3192:12)\u001b[22m\n      \u001b[2mat Parser.allowInAnd [as parseMaybeAssignAllowIn] (\u001b[22m../../../../AppData/Local/npm-cache/_npx/b8d86e6551a4f492/node_modules/@babel/parser/src/parser/expression.ts\u001b[2m:256:17)\u001b[22m\n      \u001b[2mat Parser.parseMaybeAssignAllowIn [as parseMaybeAssignAllowInOrVoidPattern] (\u001b[22m../../../../AppData/Local/npm-cache/_npx/b8d86e6551a4f492/node_modules/@babel/parser/src/parser/expression.ts\u001b[2m:3306:17)\u001b[22m\n      \u001b[2mat Parser.parseMaybeAssignAllowInOrVoidPattern [as parseObjectProperty] (\u001b[22m../../../../AppData/Local/npm-cache/_npx/b8d86e6551a4f492/node_modules/@babel/parser/src/parser/expression.ts\u001b[2m:2315:16)\u001b[22m\n      \u001b[2mat Parser.parseObjectProperty [as parseObjPropValue] (\u001b[22m../../../../AppData/Local/npm-cache/_npx/b8d86e6551a4f492/node_modules/@babel/parser/src/parser/expression.ts\u001b[2m:2378:12)\u001b[22m\n      \u001b[2mat Parser.parseObjPropValue [as parsePropertyDefinition] (\u001b[22m../../../../AppData/Local/npm-cache/_npx/b8d86e6551a4f492/node_modules/@babel/parser/src/parser/expression.ts\u001b[2m:2218:17)\u001b[22m\n      \u001b[2mat Parser.parsePropertyDefinition [as parseObjectLike] (\u001b[22m../../../../AppData/Local/npm-cache/_npx/b8d86e6551a4f492/node_modules/@babel/parser/src/parser/expression.ts\u001b[2m:2085:21)\u001b[22m\n      \u001b[2mat Parser.parseObjectLike [as parseExprAtom] (\u001b[22m../../../../AppData/Local/npm-cache/_npx/b8d86e6551a4f492/node_modules/@babel/parser/src/parser/expression.ts\u001b[2m:1174:21)\u001b[22m\n      \u001b[2mat Parser.parseExprAtom [as parseExprSubscripts] (\u001b[22m../../../../AppData/Local/npm-cache/_npx/b8d86e6551a4f492/node_modules/@babel/parser/src/parser/expression.ts\u001b[2m:734:23)\u001b[22m\n      \u001b[2mat Parser.parseExprSubscripts [as parseUpdate] (\u001b[22m../../../../AppData/Local/npm-cache/_npx/b8d86e6551a4f492/node_modules/@babel/parser/src/parser/expression.ts\u001b[2m:713:21)\u001b[22m\n      \u001b[2mat Parser.parseUpdate [as parseMaybeUnary] (\u001b[22m../../../../AppData/Local/npm-cache/_npx/b8d86e6551a4f492/node_modules/@babel/parser/src/parser/expression.ts\u001b[2m:675:23)\u001b[22m\n      \u001b[2mat Parser.parseMaybeUnary [as parseMaybeUnaryOrPrivate] (\u001b[22m../../../../AppData/Local/npm-cache/_npx/b8d86e6551a4f492/node_modules/@babel/parser/src/parser/expression.ts\u001b[2m:409:14)\u001b[22m\n      \u001b[2mat Parser.parseMaybeUnaryOrPrivate [as parseExprOps] (\u001b[22m../../../../AppData/Local/npm-cache/_npx/b8d86e6551a4f492/node_modules/@babel/parser/src/parser/expression.ts\u001b[2m:421:23)\u001b[22m\n      \u001b[2mat Parser.parseExprOps [as parseMaybeConditional] (\u001b[22m../../../../AppData/Local/npm-cache/_npx/b8d86e6551a4f492/node_modules/@babel/parser/src/parser/expression.ts\u001b[2m:376:23)\u001b[22m\n      \u001b[2mat Parser.parseMaybeConditional [as parseMaybeAssign] (\u001b[22m../../../../AppData/Local/npm-cache/_npx/b8d86e6551a4f492/node_modules/@babel/parser/src/parser/expression.ts\u001b[2m:301:21)\u001b[22m\n      \u001b[2mat Parser.parseMaybeAssign [as parseExpressionBase] (\u001b[22m../../../../AppData/Local/npm-cache/_npx/b8d86e6551a4f492/node_modules/@babel/parser/src/parser/expression.ts\u001b[2m:226:23)\u001b[22m\n      \u001b[2mat parseExpressionBase (\u001b[22m../../../../AppData/Local/npm-cache/_npx/b8d86e6551a4f492/node_modules/@babel/parser/src/parser/expression.ts\u001b[2m:217:39)\u001b[22m\n      \u001b[2mat Parser.callback [as allowInAnd] (\u001b[22m../../../../AppData/Local/npm-cache/_npx/b8d86e6551a4f492/node_modules/@babel/parser/src/parser/expression.ts\u001b[2m:3187:16)\u001b[22m\n      \u001b[2mat Parser.allowInAnd [as parseExpression] (\u001b[22m../../../../AppData/Local/npm-cache/_npx/b8d86e6551a4f492/node_modules/@babel/parser/src/parser/expression.ts\u001b[2m:217:17)\u001b[22m\n      \u001b[2mat Parser.parseExpression [as parseReturnStatement] (\u001b[22m../../../../AppData/Local/npm-cache/_npx/b8d86e6551a4f492/node_modules/@babel/parser/src/parser/statement.ts\u001b[2m:1110:28)\u001b[22m\n      \u001b[2mat Parser.parseReturnStatement [as parseStatementContent] (\u001b[22m../../../../AppData/Local/npm-cache/_npx/b8d86e6551a4f492/node_modules/@babel/parser/src/parser/statement.ts\u001b[2m:538:21)\u001b[22m\n      \u001b[2mat Parser.parseStatementContent [as parseStatementLike] (\u001b[22m../../../../AppData/Local/npm-cache/_npx/b8d86e6551a4f492/node_modules/@babel/parser/src/parser/statement.ts\u001b[2m:477:17)\u001b[22m\n      \u001b[2mat Parser.parseStatementLike [as parseStatementListItem] (\u001b[22m../../../../AppData/Local/npm-cache/_npx/b8d86e6551a4f492/node_modules/@babel/parser/src/parser/statement.ts\u001b[2m:426:17)\u001b[22m\n      \u001b[2mat Parser.parseStatementListItem [as parseBlockOrModuleBlockBody] (\u001b[22m../../../../AppData/Local/npm-cache/_npx/b8d86e6551a4f492/node_modules/@babel/parser/src/parser/statement.ts\u001b[2m:1439:16)\u001b[22m\n      \u001b[2mat Parser.parseBlockOrModuleBlockBody [as parseBlockBody] (\u001b[22m../../../../AppData/Local/npm-cache/_npx/b8d86e6551a4f492/node_modules/@babel/parser/src/parser/statement.ts\u001b[2m:1412:10)\u001b[22m\n      \u001b[2mat Parser.parseBlockBody [as parseBlock] (\u001b[22m../../../../AppData/Local/npm-cache/_npx/b8d86e6551a4f492/node_modules/@babel/parser/src/parser/statement.ts\u001b[2m:1380:10)\u001b[22m\n      \u001b[2mat Parser.parseBlock [as parseFunctionBody] (\u001b[22m../../../../AppData/Local/npm-cache/_npx/b8d86e6551a4f492/node_modules/@babel/parser/src/parser/expression.ts\u001b[2m:2616:24)\u001b[22m\n      \u001b[2mat Parser.parseFunctionBody [as parseArrowExpression] (\u001b[22m../../../../AppData/Local/npm-cache/_npx/b8d86e6551a4f492/node_modules/@babel/parser/src/parser/expression.ts\u001b[2m:2553:10)\u001b[22m\n      \u001b[2mat Parser.parseArrowExpression [as parseParenAndDistinguishExpression] (\u001b[22m../../../../AppData/Local/npm-cache/_npx/b8d86e6551a4f492/node_modules/@babel/parser/src/parser/expression.ts\u001b[2m:1837:12)\u001b[22m\n      \u001b[2mat Parser.parseParenAndDistinguishExpression [as parseExprAtom] (\u001b[22m../../../../AppData/Local/npm-cache/_npx/b8d86e6551a4f492/node_modules/@babel/parser/src/parser/expression.ts\u001b[2m:1162:21)\u001b[22m\n      \u001b[2mat Parser.parseExprAtom [as parseExprSubscripts] (\u001b[22m../../../../AppData/Local/npm-cache/_npx/b8d86e6551a4f492/node_modules/@babel/parser/src/parser/expression.ts\u001b[2m:734:23)\u001b[22m\n      \u001b[2mat Parser.parseExprSubscripts [as parseUpdate] (\u001b[22m../../../../AppData/Local/npm-cache/_npx/b8d86e6551a4f492/node_modules/@babel/parser/src/parser/expression.ts\u001b[2m:713:21)\u001b[22m\n      \u001b[2mat Parser.parseUpdate [as parseMaybeUnary] (\u001b[22m../../../../AppData/Local/npm-cache/_npx/b8d86e6551a4f492/node_modules/@babel/parser/src/parser/expression.ts\u001b[2m:675:23)\u001b[22m\n      \u001b[2mat Parser.parseMaybeUnary [as parseMaybeUnaryOrPrivate] (\u001b[22m../../../../AppData/Local/npm-cache/_npx/b8d86e6551a4f492/node_modules/@babel/parser/src/parser/expression.ts\u001b[2m:409:14)\u001b[22m\n      \u001b[2mat Parser.parseMaybeUnaryOrPrivate [as parseExprOps] (\u001b[22m../../../../AppData/Local/npm-cache/_npx/b8d86e6551a4f492/node_modules/@babel/parser/src/parser/expression.ts\u001b[2m:421:23)\u001b[22m\n      \u001b[2mat Parser.parseExprOps [as parseMaybeConditional] (\u001b[22m../../../../AppData/Local/npm-cache/_npx/b8d86e6551a4f492/node_modules/@babel/parser/src/parser/expression.ts\u001b[2m:376:23)\u001b[22m\n      \u001b[2mat Parser.parseMaybeConditional [as parseMaybeAssign] (\u001b[22m../../../../AppData/Local/npm-cache/_npx/b8d86e6551a4f492/node_modules/@babel/parser/src/parser/expression.ts\u001b[2m:301:21)\u001b[22m\n      \u001b[2mat parseMaybeAssign (\u001b[22m../../../../AppData/Local/npm-cache/_npx/b8d86e6551a4f492/node_modules/@babel/parser/src/parser/expression.ts\u001b[2m:257:12)\u001b[22m\n      \u001b[2mat Parser.callback [as allowInAnd] (\u001b[22m../../../../AppData/Local/npm-cache/_npx/b8d86e6551a4f492/node_modules/@babel/parser/src/parser/expression.ts\u001b[2m:3192:12)\u001b[22m\n      \u001b[2mat Parser.allowInAnd [as parseMaybeAssignAllowIn] (\u001b[22m../../../../AppData/Local/npm-cache/_npx/b8d86e6551a4f492/node_modules/@babel/parser/src/parser/expression.ts\u001b[2m:256:17)\u001b[22m\n      \u001b[2mat Parser.parseMaybeAssignAllowIn [as parseMaybeAssignAllowInOrVoidPattern] (\u001b[22m../../../../AppData/Local/npm-cache/_npx/b8d86e6551a4f492/node_modules/@babel/parser/src/parser/expression.ts\u001b[2m:3306:17)\u001b[22m\n      \u001b[2mat Parser.parseMaybeAssignAllowInOrVoidPattern [as parseExprListItem] (\u001b[22m../../../../AppData/Local/npm-cache/_npx/b8d86e6551a4f492/node_modules/@babel/parser/src/parser/expression.ts\u001b[2m:2788:18)\u001b[22m\n      \u001b[2mat Parser.parseExprListItem [as parseCallExpressionArguments] (\u001b[22m../../../../AppData/Local/npm-cache/_npx/b8d86e6551a4f492/node_modules/@babel/parser/src/parser/expression.ts\u001b[2m:1034:14)\u001b[22m\n      \u001b[2mat Parser.parseCallExpressionArguments [as parseCoverCallAndAsyncArrowHead] (\u001b[22m../../../../AppData/Local/npm-cache/_npx/b8d86e6551a4f492/node_modules/@babel/parser/src/parser/expression.ts\u001b[2m:914:29)\u001b[22m\n      \u001b[2mat Parser.parseCoverCallAndAsyncArrowHead [as parseSubscript] (\u001b[22m../../../../AppData/Local/npm-cache/_npx/b8d86e6551a4f492/node_modules/@babel/parser/src/parser/expression.ts\u001b[2m:796:19)\u001b[22m\n      \u001b[2mat Parser.parseSubscript [as parseSubscripts] (\u001b[22m../../../../AppData/Local/npm-cache/_npx/b8d86e6551a4f492/node_modules/@babel/parser/src/parser/expression.ts\u001b[2m:755:19)\u001b[22m\n      \u001b[2mat Parser.parseSubscripts [as parseExprSubscripts] (\u001b[22m../../../../AppData/Local/npm-cache/_npx/b8d86e6551a4f492/node_modules/@babel/parser/src/parser/expression.ts\u001b[2m:740:17)\u001b[22m\n      \u001b[2mat Parser.parseExprSubscripts [as parseUpdate] (\u001b[22m../../../../AppData/Local/npm-cache/_npx/b8d86e6551a4f492/node_modules/@babel/parser/src/parser/expression.ts\u001b[2m:713:21)\u001b[22m\n      \u001b[2mat Parser.parseUpdate [as parseMaybeUnary] (\u001b[22m../../../../AppData/Local/npm-cache/_npx/b8d86e6551a4f492/node_modules/@babel/parser/src/parser/expression.ts\u001b[2m:675:23)\u001b[22m\n      \u001b[2mat Parser.parseMaybeUnary [as parseMaybeUnaryOrPrivate] (\u001b[22m../../../../AppData/Local/npm-cache/_npx/b8d86e6551a4f492/node_modules/@babel/parser/src/parser/expression.ts\u001b[2m:409:14)\u001b[22m\n      \u001b[2mat Parser.parseMaybeUnaryOrPrivate [as parseExprOps] (\u001b[22m../../../../AppData/Local/npm-cache/_npx/b8d86e6551a4f492/node_modules/@babel/parser/src/parser/expression.ts\u001b[2m:421:23)\u001b[22m\n      \u001b[2mat Parser.parseExprOps [as parseMaybeConditional] (\u001b[22m../../../../AppData/Local/npm-cache/_npx/b8d86e6551a4f492/node_modules/@babel/parser/src/parser/expression.ts\u001b[2m:376:23)\u001b[22m\n      \u001b[2mat Parser.parseMaybeConditional [as parseMaybeAssign] (\u001b[22m../../../../AppData/Local/npm-cache/_npx/b8d86e6551a4f492/node_modules/@babel/parser/src/parser/expression.ts\u001b[2m:301:21)\u001b[22m\n      \u001b[2mat Parser.parseMaybeAssign [as parseExpressionBase] (\u001b[22m../../../../AppData/Local/npm-cache/_npx/b8d86e6551a4f492/node_modules/@babel/parser/src/parser/expression.ts\u001b[2m:226:23)\u001b[22m\n      \u001b[2mat parseExpressionBase (\u001b[22m../../../../AppData/Local/npm-cache/_npx/b8d86e6551a4f492/node_modules/@babel/parser/src/parser/expression.ts\u001b[2m:217:39)\u001b[22m\n      \u001b[2mat Parser.callback [as allowInAnd] (\u001b[22m../../../../AppData/Local/npm-cache/_npx/b8d86e6551a4f492/node_modules/@babel/parser/src/parser/expression.ts\u001b[2m:3187:16)\u001b[22m\n      \u001b[2mat Parser.allowInAnd [as parseExpression] (\u001b[22m../../../../AppData/Local/npm-cache/_npx/b8d86e6551a4f492/node_modules/@babel/parser/src/parser/expression.ts\u001b[2m:217:17)\u001b[22m\n      \u001b[2mat Parser.parseExpression [as parseStatementContent] (\u001b[22m../../../../AppData/Local/npm-cache/_npx/b8d86e6551a4f492/node_modules/@babel/parser/src/parser/statement.ts\u001b[2m:683:23)\u001b[22m\n      \u001b[2mat Parser.parseStatementContent [as parseStatementLike] (\u001b[22m../../../../AppData/Local/npm-cache/_npx/b8d86e6551a4f492/node_modules/@babel/parser/src/parser/statement.ts\u001b[2m:477:17)\u001b[22m\n      \u001b[2mat Parser.parseStatementLike [as parseModuleItem] (\u001b[22m../../../../AppData/Local/npm-cache/_npx/b8d86e6551a4f492/node_modules/@babel/parser/src/parser/statement.ts\u001b[2m:414:17)\u001b[22m\n      \u001b[2mat Parser.parseModuleItem [as parseBlockOrModuleBlockBody] (\u001b[22m../../../../AppData/Local/npm-cache/_npx/b8d86e6551a4f492/node_modules/@babel/parser/src/parser/statement.ts\u001b[2m:1438:16)\u001b[22m\n      \u001b[2mat Parser.parseBlockOrModuleBlockBody [as parseBlockBody] (\u001b[22m../../../../AppData/Local/npm-cache/_npx/b8d86e6551a4f492/node_modules/@babel/parser/src/parser/statement.ts\u001b[2m:1412:10)\u001b[22m\n      \u001b[2mat Parser.parseBlockBody [as parseProgram] (\u001b[22m../../../../AppData/Local/npm-cache/_npx/b8d86e6551a4f492/node_modules/@babel/parser/src/parser/statement.ts\u001b[2m:229:10)\u001b[22m\n      \u001b[2mat Parser.parseProgram [as parseTopLevel] (\u001b[22m../../../../AppData/Local/npm-cache/_npx/b8d86e6551a4f492/node_modules/@babel/parser/src/parser/statement.ts\u001b[2m:203:25)\u001b[22m\n      \u001b[2mat Parser.parseTopLevel [as parse] (\u001b[22m../../../../AppData/Local/npm-cache/_npx/b8d86e6551a4f492/node_modules/@babel/parser/src/parser/index.ts\u001b[2m:93:10)\u001b[22m\n      \u001b[2mat parse (\u001b[22m../../../../AppData/Local/npm-cache/_npx/b8d86e6551a4f492/node_modules/@babel/parser/src/index.ts\u001b[2m:92:38)\u001b[22m\n      \u001b[2mat parser (\u001b[22m../../../../AppData/Local/npm-cache/_npx/b8d86e6551a4f492/node_modules/@babel/core/src/parser/index.ts\u001b[2m:28:19)\u001b[22m\n          at parser.next (<anonymous>)\n      \u001b[2mat normalizeFile (\u001b[22m../../../../AppData/Local/npm-cache/_npx/b8d86e6551a4f492/node_modules/@babel/core/src/transformation/normalize-file.ts\u001b[2m:49:24)\u001b[22m\n          at normalizeFile.next (<anonymous>)\n","name":"C:\\Users\\Ezequiel\\Desktop\\Code\\sunsteel\\sunnsteel-frontend\\__tests__\\lib\\api\\rtf-forecast-deterministic.test.ts","startTime":1759535926440,"status":"failed","summary":""},{"assertionResults":[],"coverage":{},"endTime":1759535926440,"message":"  \u001b[1m● \u001b[22mTest suite failed to run\n\n    SyntaxError: C:\\Users\\Ezequiel\\Desktop\\Code\\sunsteel\\sunnsteel-frontend\\__tests__\\features\\routines\\wizard\\build-days.test.tsx: Unexpected token, expected \"from\" (6:12)\n\n    \u001b[0m \u001b[90m 4 |\u001b[39m \u001b[36mimport\u001b[39m { render\u001b[33m,\u001b[39m screen\u001b[33m,\u001b[39m fireEvent } \u001b[36mfrom\u001b[39m \u001b[32m'@testing-library/react'\u001b[39m\u001b[33m;\u001b[39m\n     \u001b[90m 5 |\u001b[39m \u001b[36mimport\u001b[39m { \u001b[33mBuildDays\u001b[39m } \u001b[36mfrom\u001b[39m \u001b[32m'@/features/routines/wizard/BuildDays'\u001b[39m\u001b[33m;\u001b[39m\n    \u001b[31m\u001b[1m>\u001b[22m\u001b[39m\u001b[90m 6 |\u001b[39m \u001b[36mimport\u001b[39m type { \u001b[33mRoutineWizardData\u001b[39m } \u001b[36mfrom\u001b[39m \u001b[32m'@/features/routines/wizard/types'\u001b[39m\u001b[33m;\u001b[39m\n     \u001b[90m   |\u001b[39m             \u001b[31m\u001b[1m^\u001b[22m\u001b[39m\n     \u001b[90m 7 |\u001b[39m\n     \u001b[90m 8 |\u001b[39m \u001b[90m// Mock exercises catalog for display\u001b[39m\n     \u001b[90m 9 |\u001b[39m vi\u001b[33m.\u001b[39mmock(\u001b[32m'@/lib/api/hooks/useExercises'\u001b[39m\u001b[33m,\u001b[39m () \u001b[33m=>\u001b[39m ({\u001b[0m\n\n      \u001b[2mat constructor (\u001b[22m../../../../AppData/Local/npm-cache/_npx/b8d86e6551a4f492/node_modules/@babel/parser/src/parse-error.ts\u001b[2m:95:45)\u001b[22m\n      \u001b[2mat Parser.toParseError [as raise] (\u001b[22m../../../../AppData/Local/npm-cache/_npx/b8d86e6551a4f492/node_modules/@babel/parser/src/tokenizer/index.ts\u001b[2m:1503:19)\u001b[22m\n      \u001b[2mat Parser.raise [as unexpected] (\u001b[22m../../../../AppData/Local/npm-cache/_npx/b8d86e6551a4f492/node_modules/@babel/parser/src/tokenizer/index.ts\u001b[2m:1543:16)\u001b[22m\n      \u001b[2mat Parser.unexpected [as expectContextual] (\u001b[22m../../../../AppData/Local/npm-cache/_npx/b8d86e6551a4f492/node_modules/@babel/parser/src/parser/util.ts\u001b[2m:114:12)\u001b[22m\n      \u001b[2mat Parser.expectContextual [as parseImportSpecifiersAndAfter] (\u001b[22m../../../../AppData/Local/npm-cache/_npx/b8d86e6551a4f492/node_modules/@babel/parser/src/parser/statement.ts\u001b[2m:3174:10)\u001b[22m\n      \u001b[2mat Parser.parseImportSpecifiersAndAfter [as parseImport] (\u001b[22m../../../../AppData/Local/npm-cache/_npx/b8d86e6551a4f492/node_modules/@babel/parser/src/parser/statement.ts\u001b[2m:3142:17)\u001b[22m\n      \u001b[2mat Parser.parseImport [as parseStatementContent] (\u001b[22m../../../../AppData/Local/npm-cache/_npx/b8d86e6551a4f492/node_modules/@babel/parser/src/parser/statement.ts\u001b[2m:642:25)\u001b[22m\n      \u001b[2mat Parser.parseStatementContent [as parseStatementLike] (\u001b[22m../../../../AppData/Local/npm-cache/_npx/b8d86e6551a4f492/node_modules/@babel/parser/src/parser/statement.ts\u001b[2m:477:17)\u001b[22m\n      \u001b[2mat Parser.parseStatementLike [as parseModuleItem] (\u001b[22m../../../../AppData/Local/npm-cache/_npx/b8d86e6551a4f492/node_modules/@babel/parser/src/parser/statement.ts\u001b[2m:414:17)\u001b[22m\n      \u001b[2mat Parser.parseModuleItem [as parseBlockOrModuleBlockBody] (\u001b[22m../../../../AppData/Local/npm-cache/_npx/b8d86e6551a4f492/node_modules/@babel/parser/src/parser/statement.ts\u001b[2m:1438:16)\u001b[22m\n      \u001b[2mat Parser.parseBlockOrModuleBlockBody [as parseBlockBody] (\u001b[22m../../../../AppData/Local/npm-cache/_npx/b8d86e6551a4f492/node_modules/@babel/parser/src/parser/statement.ts\u001b[2m:1412:10)\u001b[22m\n      \u001b[2mat Parser.parseBlockBody [as parseProgram] (\u001b[22m../../../../AppData/Local/npm-cache/_npx/b8d86e6551a4f492/node_modules/@babel/parser/src/parser/statement.ts\u001b[2m:229:10)\u001b[22m\n      \u001b[2mat Parser.parseProgram [as parseTopLevel] (\u001b[22m../../../../AppData/Local/npm-cache/_npx/b8d86e6551a4f492/node_modules/@babel/parser/src/parser/statement.ts\u001b[2m:203:25)\u001b[22m\n      \u001b[2mat Parser.parseTopLevel [as parse] (\u001b[22m../../../../AppData/Local/npm-cache/_npx/b8d86e6551a4f492/node_modules/@babel/parser/src/parser/index.ts\u001b[2m:93:10)\u001b[22m\n      \u001b[2mat parse (\u001b[22m../../../../AppData/Local/npm-cache/_npx/b8d86e6551a4f492/node_modules/@babel/parser/src/index.ts\u001b[2m:92:38)\u001b[22m\n      \u001b[2mat parser (\u001b[22m../../../../AppData/Local/npm-cache/_npx/b8d86e6551a4f492/node_modules/@babel/core/src/parser/index.ts\u001b[2m:28:19)\u001b[22m\n          at parser.next (<anonymous>)\n      \u001b[2mat normalizeFile (\u001b[22m../../../../AppData/Local/npm-cache/_npx/b8d86e6551a4f492/node_modules/@babel/core/src/transformation/normalize-file.ts\u001b[2m:49:24)\u001b[22m\n          at normalizeFile.next (<anonymous>)\n      \u001b[2mat run (\u001b[22m../../../../AppData/Local/npm-cache/_npx/b8d86e6551a4f492/node_modules/@babel/core/src/transformation/index.ts\u001b[2m:40:36)\u001b[22m\n          at run.next (<anonymous>)\n      \u001b[2mat transform (\u001b[22m../../../../AppData/Local/npm-cache/_npx/b8d86e6551a4f492/node_modules/@babel/core/src/transform.ts\u001b[2m:29:20)\u001b[22m\n          at transform.next (<anonymous>)\n      \u001b[2mat evaluateSync (\u001b[22m../../../../AppData/Local/npm-cache/_npx/b8d86e6551a4f492/node_modules/gensync/index.js\u001b[2m:251:28)\u001b[22m\n      \u001b[2mat sync (\u001b[22m../../../../AppData/Local/npm-cache/_npx/b8d86e6551a4f492/node_modules/gensync/index.js\u001b[2m:89:14)\u001b[22m\n      \u001b[2mat fn (\u001b[22m../../../../AppData/Local/npm-cache/_npx/b8d86e6551a4f492/node_modules/@babel/core/src/errors/rewrite-stack-trace.ts\u001b[2m:99:14)\u001b[22m\n      \u001b[2mat transformSync (\u001b[22m../../../../AppData/Local/npm-cache/_npx/b8d86e6551a4f492/node_modules/@babel/core/src/transform.ts\u001b[2m:66:52)\u001b[22m\n      \u001b[2mat ScriptTransformer.transformSource (\u001b[22m../../../../AppData/Local/npm-cache/_npx/b8d86e6551a4f492/node_modules/@jest/transform/build/index.js\u001b[2m:422:31)\u001b[22m\n      \u001b[2mat ScriptTransformer._transformAndBuildScript (\u001b[22m../../../../AppData/Local/npm-cache/_npx/b8d86e6551a4f492/node_modules/@jest/transform/build/index.js\u001b[2m:519:40)\u001b[22m\n      \u001b[2mat ScriptTransformer.transform (\u001b[22m../../../../AppData/Local/npm-cache/_npx/b8d86e6551a4f492/node_modules/@jest/transform/build/index.js\u001b[2m:558:19)\u001b[22m\n","name":"C:\\Users\\Ezequiel\\Desktop\\Code\\sunsteel\\sunnsteel-frontend\\__tests__\\features\\routines\\wizard\\build-days.test.tsx","startTime":1759535926440,"status":"failed","summary":""},{"assertionResults":[],"coverage":{},"endTime":1759535926440,"message":"  \u001b[1m● \u001b[22mTest suite failed to run\n\n    SyntaxError: C:\\Users\\Ezequiel\\Desktop\\Code\\sunsteel\\sunnsteel-frontend\\__tests__\\features\\routines\\wizard\\review-and-create.test.tsx: Unexpected token, expected \"from\" (6:12)\n\n    \u001b[0m \u001b[90m 4 |\u001b[39m \u001b[36mimport\u001b[39m { render } \u001b[36mfrom\u001b[39m \u001b[32m'@/__tests__/utils'\u001b[39m\u001b[33m;\u001b[39m\n     \u001b[90m 5 |\u001b[39m \u001b[36mimport\u001b[39m { screen\u001b[33m,\u001b[39m fireEvent } \u001b[36mfrom\u001b[39m \u001b[32m'@testing-library/react'\u001b[39m\u001b[33m;\u001b[39m\n    \u001b[31m\u001b[1m>\u001b[22m\u001b[39m\u001b[90m 6 |\u001b[39m \u001b[36mimport\u001b[39m type { \u001b[33mRoutineWizardData\u001b[39m } \u001b[36mfrom\u001b[39m \u001b[32m'@/features/routines/wizard/types'\u001b[39m\u001b[33m;\u001b[39m\n     \u001b[90m   |\u001b[39m             \u001b[31m\u001b[1m^\u001b[22m\u001b[39m\n     \u001b[90m 7 |\u001b[39m \u001b[36mimport\u001b[39m { \u001b[33mReviewAndCreate\u001b[39m } \u001b[36mfrom\u001b[39m \u001b[32m'@/features/routines/wizard/ReviewAndCreate'\u001b[39m\u001b[33m;\u001b[39m\n     \u001b[90m 8 |\u001b[39m\n     \u001b[90m 9 |\u001b[39m \u001b[90m// Mocks\u001b[39m\u001b[0m\n\n      \u001b[2mat constructor (\u001b[22m../../../../AppData/Local/npm-cache/_npx/b8d86e6551a4f492/node_modules/@babel/parser/src/parse-error.ts\u001b[2m:95:45)\u001b[22m\n      \u001b[2mat Parser.toParseError [as raise] (\u001b[22m../../../../AppData/Local/npm-cache/_npx/b8d86e6551a4f492/node_modules/@babel/parser/src/tokenizer/index.ts\u001b[2m:1503:19)\u001b[22m\n      \u001b[2mat Parser.raise [as unexpected] (\u001b[22m../../../../AppData/Local/npm-cache/_npx/b8d86e6551a4f492/node_modules/@babel/parser/src/tokenizer/index.ts\u001b[2m:1543:16)\u001b[22m\n      \u001b[2mat Parser.unexpected [as expectContextual] (\u001b[22m../../../../AppData/Local/npm-cache/_npx/b8d86e6551a4f492/node_modules/@babel/parser/src/parser/util.ts\u001b[2m:114:12)\u001b[22m\n      \u001b[2mat Parser.expectContextual [as parseImportSpecifiersAndAfter] (\u001b[22m../../../../AppData/Local/npm-cache/_npx/b8d86e6551a4f492/node_modules/@babel/parser/src/parser/statement.ts\u001b[2m:3174:10)\u001b[22m\n      \u001b[2mat Parser.parseImportSpecifiersAndAfter [as parseImport] (\u001b[22m../../../../AppData/Local/npm-cache/_npx/b8d86e6551a4f492/node_modules/@babel/parser/src/parser/statement.ts\u001b[2m:3142:17)\u001b[22m\n      \u001b[2mat Parser.parseImport [as parseStatementContent] (\u001b[22m../../../../AppData/Local/npm-cache/_npx/b8d86e6551a4f492/node_modules/@babel/parser/src/parser/statement.ts\u001b[2m:642:25)\u001b[22m\n      \u001b[2mat Parser.parseStatementContent [as parseStatementLike] (\u001b[22m../../../../AppData/Local/npm-cache/_npx/b8d86e6551a4f492/node_modules/@babel/parser/src/parser/statement.ts\u001b[2m:477:17)\u001b[22m\n      \u001b[2mat Parser.parseStatementLike [as parseModuleItem] (\u001b[22m../../../../AppData/Local/npm-cache/_npx/b8d86e6551a4f492/node_modules/@babel/parser/src/parser/statement.ts\u001b[2m:414:17)\u001b[22m\n      \u001b[2mat Parser.parseModuleItem [as parseBlockOrModuleBlockBody] (\u001b[22m../../../../AppData/Local/npm-cache/_npx/b8d86e6551a4f492/node_modules/@babel/parser/src/parser/statement.ts\u001b[2m:1438:16)\u001b[22m\n      \u001b[2mat Parser.parseBlockOrModuleBlockBody [as parseBlockBody] (\u001b[22m../../../../AppData/Local/npm-cache/_npx/b8d86e6551a4f492/node_modules/@babel/parser/src/parser/statement.ts\u001b[2m:1412:10)\u001b[22m\n      \u001b[2mat Parser.parseBlockBody [as parseProgram] (\u001b[22m../../../../AppData/Local/npm-cache/_npx/b8d86e6551a4f492/node_modules/@babel/parser/src/parser/statement.ts\u001b[2m:229:10)\u001b[22m\n      \u001b[2mat Parser.parseProgram [as parseTopLevel] (\u001b[22m../../../../AppData/Local/npm-cache/_npx/b8d86e6551a4f492/node_modules/@babel/parser/src/parser/statement.ts\u001b[2m:203:25)\u001b[22m\n      \u001b[2mat Parser.parseTopLevel [as parse] (\u001b[22m../../../../AppData/Local/npm-cache/_npx/b8d86e6551a4f492/node_modules/@babel/parser/src/parser/index.ts\u001b[2m:93:10)\u001b[22m\n      \u001b[2mat parse (\u001b[22m../../../../AppData/Local/npm-cache/_npx/b8d86e6551a4f492/node_modules/@babel/parser/src/index.ts\u001b[2m:92:38)\u001b[22m\n      \u001b[2mat parser (\u001b[22m../../../../AppData/Local/npm-cache/_npx/b8d86e6551a4f492/node_modules/@babel/core/src/parser/index.ts\u001b[2m:28:19)\u001b[22m\n          at parser.next (<anonymous>)\n      \u001b[2mat normalizeFile (\u001b[22m../../../../AppData/Local/npm-cache/_npx/b8d86e6551a4f492/node_modules/@babel/core/src/transformation/normalize-file.ts\u001b[2m:49:24)\u001b[22m\n          at normalizeFile.next (<anonymous>)\n      \u001b[2mat run (\u001b[22m../../../../AppData/Local/npm-cache/_npx/b8d86e6551a4f492/node_modules/@babel/core/src/transformation/index.ts\u001b[2m:40:36)\u001b[22m\n          at run.next (<anonymous>)\n      \u001b[2mat transform (\u001b[22m../../../../AppData/Local/npm-cache/_npx/b8d86e6551a4f492/node_modules/@babel/core/src/transform.ts\u001b[2m:29:20)\u001b[22m\n          at transform.next (<anonymous>)\n      \u001b[2mat evaluateSync (\u001b[22m../../../../AppData/Local/npm-cache/_npx/b8d86e6551a4f492/node_modules/gensync/index.js\u001b[2m:251:28)\u001b[22m\n      \u001b[2mat sync (\u001b[22m../../../../AppData/Local/npm-cache/_npx/b8d86e6551a4f492/node_modules/gensync/index.js\u001b[2m:89:14)\u001b[22m\n      \u001b[2mat fn (\u001b[22m../../../../AppData/Local/npm-cache/_npx/b8d86e6551a4f492/node_modules/@babel/core/src/errors/rewrite-stack-trace.ts\u001b[2m:99:14)\u001b[22m\n      \u001b[2mat transformSync (\u001b[22m../../../../AppData/Local/npm-cache/_npx/b8d86e6551a4f492/node_modules/@babel/core/src/transform.ts\u001b[2m:66:52)\u001b[22m\n      \u001b[2mat ScriptTransformer.transformSource (\u001b[22m../../../../AppData/Local/npm-cache/_npx/b8d86e6551a4f492/node_modules/@jest/transform/build/index.js\u001b[2m:422:31)\u001b[22m\n      \u001b[2mat ScriptTransformer._transformAndBuildScript (\u001b[22m../../../../AppData/Local/npm-cache/_npx/b8d86e6551a4f492/node_modules/@jest/transform/build/index.js\u001b[2m:519:40)\u001b[22m\n      \u001b[2mat ScriptTransformer.transform (\u001b[22m../../../../AppData/Local/npm-cache/_npx/b8d86e6551a4f492/node_modules/@jest/transform/build/index.js\u001b[2m:558:19)\u001b[22m\n","name":"C:\\Users\\Ezequiel\\Desktop\\Code\\sunsteel\\sunnsteel-frontend\\__tests__\\features\\routines\\wizard\\review-and-create.test.tsx","startTime":1759535926440,"status":"failed","summary":""},{"assertionResults":[],"coverage":{},"endTime":1759535926440,"message":"  \u001b[1m● \u001b[22mTest suite failed to run\n\n    \u001b[1m\u001b[31mJest encountered an unexpected token\u001b[39m\u001b[22m\n\n    Jest failed to parse a file. This happens e.g. when your code or its dependencies use non-standard JavaScript syntax, or when Jest is not configured to support such syntax.\n\n    Out of the box Jest supports Babel, which will be used to transform your files into valid JS based on your Babel configuration.\n\n    By default \"node_modules\" folder is ignored by transformers.\n\n    Here's what you can do:\n     • If you are trying to use ECMAScript Modules, see \u001b[4mhttps://jestjs.io/docs/ecmascript-modules\u001b[24m for how to enable it.\n     • If you are trying to use TypeScript, see \u001b[4mhttps://jestjs.io/docs/getting-started#using-typescript\u001b[24m\n     • To have some of your \"node_modules\" files transformed, you can specify a custom \u001b[1m\"transformIgnorePatterns\"\u001b[22m in your config.\n     • If you need a custom transformation, specify a \u001b[1m\"transform\"\u001b[22m option in your config.\n     • If you simply want to mock your non-JS modules (e.g. binary assets) you can stub them out with the \u001b[1m\"moduleNameMapper\"\u001b[22m config option.\n\n    You'll find more details and examples of these config options in the docs:\n    \u001b[36mhttps://jestjs.io/docs/configuration\u001b[39m\n    For information about custom transformations, see:\n    \u001b[36mhttps://jestjs.io/docs/code-transformation\u001b[39m\n\n    \u001b[1m\u001b[31mDetails:\u001b[39m\u001b[22m\n\n    SyntaxError: C:\\Users\\Ezequiel\\Desktop\\Code\\sunsteel\\sunnsteel-frontend\\__tests__\\lib\\api\\rtf-forecast-simple.test.ts: Unexpected reserved word 'interface'. (31:0)\n\n    \u001b[0m \u001b[90m 29 |\u001b[39m\n     \u001b[90m 30 |\u001b[39m \u001b[90m// Type definitions for tests\u001b[39m\n    \u001b[31m\u001b[1m>\u001b[22m\u001b[39m\u001b[90m 31 |\u001b[39m \u001b[36minterface\u001b[39m \u001b[33mTestForecastWeek\u001b[39m {\n     \u001b[90m    |\u001b[39m \u001b[31m\u001b[1m^\u001b[22m\u001b[39m\n     \u001b[90m 32 |\u001b[39m \tweek\u001b[33m:\u001b[39m number\n     \u001b[90m 33 |\u001b[39m \tisDeload\u001b[33m:\u001b[39m boolean\n     \u001b[90m 34 |\u001b[39m \tstandard\u001b[33m?\u001b[39m\u001b[33m:\u001b[39m {\u001b[0m\n\n      \u001b[2mat constructor (\u001b[22m../../../../AppData/Local/npm-cache/_npx/b8d86e6551a4f492/node_modules/@babel/parser/src/parse-error.ts\u001b[2m:95:45)\u001b[22m\n      \u001b[2mat Parser.toParseError [as raise] (\u001b[22m../../../../AppData/Local/npm-cache/_npx/b8d86e6551a4f492/node_modules/@babel/parser/src/tokenizer/index.ts\u001b[2m:1503:19)\u001b[22m\n      \u001b[2mat Parser.raise [as checkReservedWord] (\u001b[22m../../../../AppData/Local/npm-cache/_npx/b8d86e6551a4f492/node_modules/@babel/parser/src/parser/expression.ts\u001b[2m:2886:12)\u001b[22m\n      \u001b[2mat Parser.checkReservedWord [as parseIdentifierName] (\u001b[22m../../../../AppData/Local/npm-cache/_npx/b8d86e6551a4f492/node_modules/@babel/parser/src/parser/expression.ts\u001b[2m:2848:12)\u001b[22m\n      \u001b[2mat Parser.parseIdentifierName [as parseIdentifier] (\u001b[22m../../../../AppData/Local/npm-cache/_npx/b8d86e6551a4f492/node_modules/@babel/parser/src/parser/expression.ts\u001b[2m:2805:23)\u001b[22m\n      \u001b[2mat Parser.parseIdentifier [as parseExprAtom] (\u001b[22m../../../../AppData/Local/npm-cache/_npx/b8d86e6551a4f492/node_modules/@babel/parser/src/parser/expression.ts\u001b[2m:1299:27)\u001b[22m\n      \u001b[2mat Parser.parseExprAtom [as parseExprSubscripts] (\u001b[22m../../../../AppData/Local/npm-cache/_npx/b8d86e6551a4f492/node_modules/@babel/parser/src/parser/expression.ts\u001b[2m:734:23)\u001b[22m\n      \u001b[2mat Parser.parseExprSubscripts [as parseUpdate] (\u001b[22m../../../../AppData/Local/npm-cache/_npx/b8d86e6551a4f492/node_modules/@babel/parser/src/parser/expression.ts\u001b[2m:713:21)\u001b[22m\n      \u001b[2mat Parser.parseUpdate [as parseMaybeUnary] (\u001b[22m../../../../AppData/Local/npm-cache/_npx/b8d86e6551a4f492/node_modules/@babel/parser/src/parser/expression.ts\u001b[2m:675:23)\u001b[22m\n      \u001b[2mat Parser.parseMaybeUnary [as parseMaybeUnaryOrPrivate] (\u001b[22m../../../../AppData/Local/npm-cache/_npx/b8d86e6551a4f492/node_modules/@babel/parser/src/parser/expression.ts\u001b[2m:409:14)\u001b[22m\n      \u001b[2mat Parser.parseMaybeUnaryOrPrivate [as parseExprOps] (\u001b[22m../../../../AppData/Local/npm-cache/_npx/b8d86e6551a4f492/node_modules/@babel/parser/src/parser/expression.ts\u001b[2m:421:23)\u001b[22m\n      \u001b[2mat Parser.parseExprOps [as parseMaybeConditional] (\u001b[22m../../../../AppData/Local/npm-cache/_npx/b8d86e6551a4f492/node_modules/@babel/parser/src/parser/expression.ts\u001b[2m:376:23)\u001b[22m\n      \u001b[2mat Parser.parseMaybeConditional [as parseMaybeAssign] (\u001b[22m../../../../AppData/Local/npm-cache/_npx/b8d86e6551a4f492/node_modules/@babel/parser/src/parser/expression.ts\u001b[2m:301:21)\u001b[22m\n      \u001b[2mat Parser.parseMaybeAssign [as parseExpressionBase] (\u001b[22m../../../../AppData/Local/npm-cache/_npx/b8d86e6551a4f492/node_modules/@babel/parser/src/parser/expression.ts\u001b[2m:226:23)\u001b[22m\n      \u001b[2mat parseExpressionBase (\u001b[22m../../../../AppData/Local/npm-cache/_npx/b8d86e6551a4f492/node_modules/@babel/parser/src/parser/expression.ts\u001b[2m:217:39)\u001b[22m\n      \u001b[2mat Parser.callback [as allowInAnd] (\u001b[22m../../../../AppData/Local/npm-cache/_npx/b8d86e6551a4f492/node_modules/@babel/parser/src/parser/expression.ts\u001b[2m:3187:16)\u001b[22m\n      \u001b[2mat Parser.allowInAnd [as parseExpression] (\u001b[22m../../../../AppData/Local/npm-cache/_npx/b8d86e6551a4f492/node_modules/@babel/parser/src/parser/expression.ts\u001b[2m:217:17)\u001b[22m\n      \u001b[2mat Parser.parseExpression [as parseStatementContent] (\u001b[22m../../../../AppData/Local/npm-cache/_npx/b8d86e6551a4f492/node_modules/@babel/parser/src/parser/statement.ts\u001b[2m:683:23)\u001b[22m\n      \u001b[2mat Parser.parseStatementContent [as parseStatementLike] (\u001b[22m../../../../AppData/Local/npm-cache/_npx/b8d86e6551a4f492/node_modules/@babel/parser/src/parser/statement.ts\u001b[2m:477:17)\u001b[22m\n      \u001b[2mat Parser.parseStatementLike [as parseModuleItem] (\u001b[22m../../../../AppData/Local/npm-cache/_npx/b8d86e6551a4f492/node_modules/@babel/parser/src/parser/statement.ts\u001b[2m:414:17)\u001b[22m\n      \u001b[2mat Parser.parseModuleItem [as parseBlockOrModuleBlockBody] (\u001b[22m../../../../AppData/Local/npm-cache/_npx/b8d86e6551a4f492/node_modules/@babel/parser/src/parser/statement.ts\u001b[2m:1438:16)\u001b[22m\n      \u001b[2mat Parser.parseBlockOrModuleBlockBody [as parseBlockBody] (\u001b[22m../../../../AppData/Local/npm-cache/_npx/b8d86e6551a4f492/node_modules/@babel/parser/src/parser/statement.ts\u001b[2m:1412:10)\u001b[22m\n      \u001b[2mat Parser.parseBlockBody [as parseProgram] (\u001b[22m../../../../AppData/Local/npm-cache/_npx/b8d86e6551a4f492/node_modules/@babel/parser/src/parser/statement.ts\u001b[2m:229:10)\u001b[22m\n      \u001b[2mat Parser.parseProgram [as parseTopLevel] (\u001b[22m../../../../AppData/Local/npm-cache/_npx/b8d86e6551a4f492/node_modules/@babel/parser/src/parser/statement.ts\u001b[2m:203:25)\u001b[22m\n      \u001b[2mat Parser.parseTopLevel [as parse] (\u001b[22m../../../../AppData/Local/npm-cache/_npx/b8d86e6551a4f492/node_modules/@babel/parser/src/parser/index.ts\u001b[2m:93:10)\u001b[22m\n      \u001b[2mat parse (\u001b[22m../../../../AppData/Local/npm-cache/_npx/b8d86e6551a4f492/node_modules/@babel/parser/src/index.ts\u001b[2m:92:38)\u001b[22m\n      \u001b[2mat parser (\u001b[22m../../../../AppData/Local/npm-cache/_npx/b8d86e6551a4f492/node_modules/@babel/core/src/parser/index.ts\u001b[2m:28:19)\u001b[22m\n          at parser.next (<anonymous>)\n      \u001b[2mat normalizeFile (\u001b[22m../../../../AppData/Local/npm-cache/_npx/b8d86e6551a4f492/node_modules/@babel/core/src/transformation/normalize-file.ts\u001b[2m:49:24)\u001b[22m\n          at normalizeFile.next (<anonymous>)\n      \u001b[2mat run (\u001b[22m../../../../AppData/Local/npm-cache/_npx/b8d86e6551a4f492/node_modules/@babel/core/src/transformation/index.ts\u001b[2m:40:36)\u001b[22m\n          at run.next (<anonymous>)\n      \u001b[2mat transform (\u001b[22m../../../../AppData/Local/npm-cache/_npx/b8d86e6551a4f492/node_modules/@babel/core/src/transform.ts\u001b[2m:29:20)\u001b[22m\n          at transform.next (<anonymous>)\n      \u001b[2mat evaluateSync (\u001b[22m../../../../AppData/Local/npm-cache/_npx/b8d86e6551a4f492/node_modules/gensync/index.js\u001b[2m:251:28)\u001b[22m\n      \u001b[2mat sync (\u001b[22m../../../../AppData/Local/npm-cache/_npx/b8d86e6551a4f492/node_modules/gensync/index.js\u001b[2m:89:14)\u001b[22m\n      \u001b[2mat fn (\u001b[22m../../../../AppData/Local/npm-cache/_npx/b8d86e6551a4f492/node_modules/@babel/core/src/errors/rewrite-stack-trace.ts\u001b[2m:99:14)\u001b[22m\n      \u001b[2mat transformSync (\u001b[22m../../../../AppData/Local/npm-cache/_npx/b8d86e6551a4f492/node_modules/@babel/core/src/transform.ts\u001b[2m:66:52)\u001b[22m\n      \u001b[2mat ScriptTransformer.transformSource (\u001b[22m../../../../AppData/Local/npm-cache/_npx/b8d86e6551a4f492/node_modules/@jest/transform/build/index.js\u001b[2m:422:31)\u001b[22m\n      \u001b[2mat ScriptTransformer._transformAndBuildScript (\u001b[22m../../../../AppData/Local/npm-cache/_npx/b8d86e6551a4f492/node_modules/@jest/transform/build/index.js\u001b[2m:519:40)\u001b[22m\n      \u001b[2mat ScriptTransformer.transform (\u001b[22m../../../../AppData/Local/npm-cache/_npx/b8d86e6551a4f492/node_modules/@jest/transform/build/index.js\u001b[2m:558:19)\u001b[22m\n","name":"C:\\Users\\Ezequiel\\Desktop\\Code\\sunsteel\\sunnsteel-frontend\\__tests__\\lib\\api\\rtf-forecast-simple.test.ts","startTime":1759535926440,"status":"failed","summary":""},{"assertionResults":[],"coverage":{},"endTime":1759535926440,"message":"  \u001b[1m● \u001b[22mTest suite failed to run\n\n    SyntaxError: C:\\Users\\Ezequiel\\Desktop\\Code\\sunsteel\\sunnsteel-frontend\\__tests__\\lib\\api\\hooks\\useWorkoutSession.test.tsx: Unexpected token, expected \"from\" (7:12)\n\n    \u001b[0m \u001b[90m  5 |\u001b[39m \u001b[36mimport\u001b[39m { createQueryWrapper } \u001b[36mfrom\u001b[39m \u001b[32m'@/__tests__/utils'\u001b[39m\n     \u001b[90m  6 |\u001b[39m \u001b[36mimport\u001b[39m { useDeleteSetLog\u001b[33m,\u001b[39m useUpsertSetLog } \u001b[36mfrom\u001b[39m \u001b[32m'@/lib/api/hooks/useWorkoutSession'\u001b[39m\n    \u001b[31m\u001b[1m>\u001b[22m\u001b[39m\u001b[90m  7 |\u001b[39m \u001b[36mimport\u001b[39m type { \u001b[33mWorkoutSession\u001b[39m\u001b[33m,\u001b[39m \u001b[33mSetLog\u001b[39m } \u001b[36mfrom\u001b[39m \u001b[32m'@/lib/api/types/workout.type'\u001b[39m\n     \u001b[90m    |\u001b[39m             \u001b[31m\u001b[1m^\u001b[22m\u001b[39m\n     \u001b[90m  8 |\u001b[39m\n     \u001b[90m  9 |\u001b[39m vi\u001b[33m.\u001b[39mmock(\u001b[32m'@/lib/api/services/workoutService'\u001b[39m\u001b[33m,\u001b[39m () \u001b[33m=>\u001b[39m {\n     \u001b[90m 10 |\u001b[39m   \u001b[36mreturn\u001b[39m {\u001b[0m\n\n      \u001b[2mat constructor (\u001b[22m../../../../AppData/Local/npm-cache/_npx/b8d86e6551a4f492/node_modules/@babel/parser/src/parse-error.ts\u001b[2m:95:45)\u001b[22m\n      \u001b[2mat Parser.toParseError [as raise] (\u001b[22m../../../../AppData/Local/npm-cache/_npx/b8d86e6551a4f492/node_modules/@babel/parser/src/tokenizer/index.ts\u001b[2m:1503:19)\u001b[22m\n      \u001b[2mat Parser.raise [as unexpected] (\u001b[22m../../../../AppData/Local/npm-cache/_npx/b8d86e6551a4f492/node_modules/@babel/parser/src/tokenizer/index.ts\u001b[2m:1543:16)\u001b[22m\n      \u001b[2mat Parser.unexpected [as expectContextual] (\u001b[22m../../../../AppData/Local/npm-cache/_npx/b8d86e6551a4f492/node_modules/@babel/parser/src/parser/util.ts\u001b[2m:114:12)\u001b[22m\n      \u001b[2mat Parser.expectContextual [as parseImportSpecifiersAndAfter] (\u001b[22m../../../../AppData/Local/npm-cache/_npx/b8d86e6551a4f492/node_modules/@babel/parser/src/parser/statement.ts\u001b[2m:3174:10)\u001b[22m\n      \u001b[2mat Parser.parseImportSpecifiersAndAfter [as parseImport] (\u001b[22m../../../../AppData/Local/npm-cache/_npx/b8d86e6551a4f492/node_modules/@babel/parser/src/parser/statement.ts\u001b[2m:3142:17)\u001b[22m\n      \u001b[2mat Parser.parseImport [as parseStatementContent] (\u001b[22m../../../../AppData/Local/npm-cache/_npx/b8d86e6551a4f492/node_modules/@babel/parser/src/parser/statement.ts\u001b[2m:642:25)\u001b[22m\n      \u001b[2mat Parser.parseStatementContent [as parseStatementLike] (\u001b[22m../../../../AppData/Local/npm-cache/_npx/b8d86e6551a4f492/node_modules/@babel/parser/src/parser/statement.ts\u001b[2m:477:17)\u001b[22m\n      \u001b[2mat Parser.parseStatementLike [as parseModuleItem] (\u001b[22m../../../../AppData/Local/npm-cache/_npx/b8d86e6551a4f492/node_modules/@babel/parser/src/parser/statement.ts\u001b[2m:414:17)\u001b[22m\n      \u001b[2mat Parser.parseModuleItem [as parseBlockOrModuleBlockBody] (\u001b[22m../../../../AppData/Local/npm-cache/_npx/b8d86e6551a4f492/node_modules/@babel/parser/src/parser/statement.ts\u001b[2m:1438:16)\u001b[22m\n      \u001b[2mat Parser.parseBlockOrModuleBlockBody [as parseBlockBody] (\u001b[22m../../../../AppData/Local/npm-cache/_npx/b8d86e6551a4f492/node_modules/@babel/parser/src/parser/statement.ts\u001b[2m:1412:10)\u001b[22m\n      \u001b[2mat Parser.parseBlockBody [as parseProgram] (\u001b[22m../../../../AppData/Local/npm-cache/_npx/b8d86e6551a4f492/node_modules/@babel/parser/src/parser/statement.ts\u001b[2m:229:10)\u001b[22m\n      \u001b[2mat Parser.parseProgram [as parseTopLevel] (\u001b[22m../../../../AppData/Local/npm-cache/_npx/b8d86e6551a4f492/node_modules/@babel/parser/src/parser/statement.ts\u001b[2m:203:25)\u001b[22m\n      \u001b[2mat Parser.parseTopLevel [as parse] (\u001b[22m../../../../AppData/Local/npm-cache/_npx/b8d86e6551a4f492/node_modules/@babel/parser/src/parser/index.ts\u001b[2m:93:10)\u001b[22m\n      \u001b[2mat parse (\u001b[22m../../../../AppData/Local/npm-cache/_npx/b8d86e6551a4f492/node_modules/@babel/parser/src/index.ts\u001b[2m:92:38)\u001b[22m\n      \u001b[2mat parser (\u001b[22m../../../../AppData/Local/npm-cache/_npx/b8d86e6551a4f492/node_modules/@babel/core/src/parser/index.ts\u001b[2m:28:19)\u001b[22m\n          at parser.next (<anonymous>)\n      \u001b[2mat normalizeFile (\u001b[22m../../../../AppData/Local/npm-cache/_npx/b8d86e6551a4f492/node_modules/@babel/core/src/transformation/normalize-file.ts\u001b[2m:49:24)\u001b[22m\n          at normalizeFile.next (<anonymous>)\n      \u001b[2mat run (\u001b[22m../../../../AppData/Local/npm-cache/_npx/b8d86e6551a4f492/node_modules/@babel/core/src/transformation/index.ts\u001b[2m:40:36)\u001b[22m\n          at run.next (<anonymous>)\n      \u001b[2mat transform (\u001b[22m../../../../AppData/Local/npm-cache/_npx/b8d86e6551a4f492/node_modules/@babel/core/src/transform.ts\u001b[2m:29:20)\u001b[22m\n          at transform.next (<anonymous>)\n      \u001b[2mat evaluateSync (\u001b[22m../../../../AppData/Local/npm-cache/_npx/b8d86e6551a4f492/node_modules/gensync/index.js\u001b[2m:251:28)\u001b[22m\n      \u001b[2mat sync (\u001b[22m../../../../AppData/Local/npm-cache/_npx/b8d86e6551a4f492/node_modules/gensync/index.js\u001b[2m:89:14)\u001b[22m\n      \u001b[2mat fn (\u001b[22m../../../../AppData/Local/npm-cache/_npx/b8d86e6551a4f492/node_modules/@babel/core/src/errors/rewrite-stack-trace.ts\u001b[2m:99:14)\u001b[22m\n      \u001b[2mat transformSync (\u001b[22m../../../../AppData/Local/npm-cache/_npx/b8d86e6551a4f492/node_modules/@babel/core/src/transform.ts\u001b[2m:66:52)\u001b[22m\n      \u001b[2mat ScriptTransformer.transformSource (\u001b[22m../../../../AppData/Local/npm-cache/_npx/b8d86e6551a4f492/node_modules/@jest/transform/build/index.js\u001b[2m:422:31)\u001b[22m\n      \u001b[2mat ScriptTransformer._transformAndBuildScript (\u001b[22m../../../../AppData/Local/npm-cache/_npx/b8d86e6551a4f492/node_modules/@jest/transform/build/index.js\u001b[2m:519:40)\u001b[22m\n      \u001b[2mat ScriptTransformer.transform (\u001b[22m../../../../AppData/Local/npm-cache/_npx/b8d86e6551a4f492/node_modules/@jest/transform/build/index.js\u001b[2m:558:19)\u001b[22m\n","name":"C:\\Users\\Ezequiel\\Desktop\\Code\\sunsteel\\sunnsteel-frontend\\__tests__\\lib\\api\\hooks\\useWorkoutSession.test.tsx","startTime":1759535926440,"status":"failed","summary":""},{"assertionResults":[],"coverage":{},"endTime":1759535926440,"message":"  \u001b[1m● \u001b[22mTest suite failed to run\n\n    SyntaxError: C:\\Users\\Ezequiel\\Desktop\\Code\\sunsteel\\sunnsteel-frontend\\__tests__\\app\\protected\\dashboard\\todays-workouts.test.tsx: Unexpected token, expected \"from\" (5:12)\n\n    \u001b[0m \u001b[90m 3 |\u001b[39m \u001b[36mimport\u001b[39m { render\u001b[33m,\u001b[39m screen\u001b[33m,\u001b[39m waitFor } \u001b[36mfrom\u001b[39m \u001b[32m'@testing-library/react'\u001b[39m\u001b[33m;\u001b[39m\n     \u001b[90m 4 |\u001b[39m \u001b[36mimport\u001b[39m userEvent \u001b[36mfrom\u001b[39m \u001b[32m'@testing-library/user-event'\u001b[39m\u001b[33m;\u001b[39m\n    \u001b[31m\u001b[1m>\u001b[22m\u001b[39m\u001b[90m 5 |\u001b[39m \u001b[36mimport\u001b[39m type { \u001b[33mRoutine\u001b[39m } \u001b[36mfrom\u001b[39m \u001b[32m'@/lib/api/types/routine.type'\u001b[39m\u001b[33m;\u001b[39m\n     \u001b[90m   |\u001b[39m             \u001b[31m\u001b[1m^\u001b[22m\u001b[39m\n     \u001b[90m 6 |\u001b[39m \u001b[36mimport\u001b[39m type { \u001b[33mWorkoutSession\u001b[39m } \u001b[36mfrom\u001b[39m \u001b[32m'@/lib/api/types/workout.type'\u001b[39m\u001b[33m;\u001b[39m\n     \u001b[90m 7 |\u001b[39m\n     \u001b[90m 8 |\u001b[39m \u001b[90m// Router mocks\u001b[39m\u001b[0m\n\n      \u001b[2mat constructor (\u001b[22m../../../../AppData/Local/npm-cache/_npx/b8d86e6551a4f492/node_modules/@babel/parser/src/parse-error.ts\u001b[2m:95:45)\u001b[22m\n      \u001b[2mat Parser.toParseError [as raise] (\u001b[22m../../../../AppData/Local/npm-cache/_npx/b8d86e6551a4f492/node_modules/@babel/parser/src/tokenizer/index.ts\u001b[2m:1503:19)\u001b[22m\n      \u001b[2mat Parser.raise [as unexpected] (\u001b[22m../../../../AppData/Local/npm-cache/_npx/b8d86e6551a4f492/node_modules/@babel/parser/src/tokenizer/index.ts\u001b[2m:1543:16)\u001b[22m\n      \u001b[2mat Parser.unexpected [as expectContextual] (\u001b[22m../../../../AppData/Local/npm-cache/_npx/b8d86e6551a4f492/node_modules/@babel/parser/src/parser/util.ts\u001b[2m:114:12)\u001b[22m\n      \u001b[2mat Parser.expectContextual [as parseImportSpecifiersAndAfter] (\u001b[22m../../../../AppData/Local/npm-cache/_npx/b8d86e6551a4f492/node_modules/@babel/parser/src/parser/statement.ts\u001b[2m:3174:10)\u001b[22m\n      \u001b[2mat Parser.parseImportSpecifiersAndAfter [as parseImport] (\u001b[22m../../../../AppData/Local/npm-cache/_npx/b8d86e6551a4f492/node_modules/@babel/parser/src/parser/statement.ts\u001b[2m:3142:17)\u001b[22m\n      \u001b[2mat Parser.parseImport [as parseStatementContent] (\u001b[22m../../../../AppData/Local/npm-cache/_npx/b8d86e6551a4f492/node_modules/@babel/parser/src/parser/statement.ts\u001b[2m:642:25)\u001b[22m\n      \u001b[2mat Parser.parseStatementContent [as parseStatementLike] (\u001b[22m../../../../AppData/Local/npm-cache/_npx/b8d86e6551a4f492/node_modules/@babel/parser/src/parser/statement.ts\u001b[2m:477:17)\u001b[22m\n      \u001b[2mat Parser.parseStatementLike [as parseModuleItem] (\u001b[22m../../../../AppData/Local/npm-cache/_npx/b8d86e6551a4f492/node_modules/@babel/parser/src/parser/statement.ts\u001b[2m:414:17)\u001b[22m\n      \u001b[2mat Parser.parseModuleItem [as parseBlockOrModuleBlockBody] (\u001b[22m../../../../AppData/Local/npm-cache/_npx/b8d86e6551a4f492/node_modules/@babel/parser/src/parser/statement.ts\u001b[2m:1438:16)\u001b[22m\n      \u001b[2mat Parser.parseBlockOrModuleBlockBody [as parseBlockBody] (\u001b[22m../../../../AppData/Local/npm-cache/_npx/b8d86e6551a4f492/node_modules/@babel/parser/src/parser/statement.ts\u001b[2m:1412:10)\u001b[22m\n      \u001b[2mat Parser.parseBlockBody [as parseProgram] (\u001b[22m../../../../AppData/Local/npm-cache/_npx/b8d86e6551a4f492/node_modules/@babel/parser/src/parser/statement.ts\u001b[2m:229:10)\u001b[22m\n      \u001b[2mat Parser.parseProgram [as parseTopLevel] (\u001b[22m../../../../AppData/Local/npm-cache/_npx/b8d86e6551a4f492/node_modules/@babel/parser/src/parser/statement.ts\u001b[2m:203:25)\u001b[22m\n      \u001b[2mat Parser.parseTopLevel [as parse] (\u001b[22m../../../../AppData/Local/npm-cache/_npx/b8d86e6551a4f492/node_modules/@babel/parser/src/parser/index.ts\u001b[2m:93:10)\u001b[22m\n      \u001b[2mat parse (\u001b[22m../../../../AppData/Local/npm-cache/_npx/b8d86e6551a4f492/node_modules/@babel/parser/src/index.ts\u001b[2m:92:38)\u001b[22m\n      \u001b[2mat parser (\u001b[22m../../../../AppData/Local/npm-cache/_npx/b8d86e6551a4f492/node_modules/@babel/core/src/parser/index.ts\u001b[2m:28:19)\u001b[22m\n          at parser.next (<anonymous>)\n      \u001b[2mat normalizeFile (\u001b[22m../../../../AppData/Local/npm-cache/_npx/b8d86e6551a4f492/node_modules/@babel/core/src/transformation/normalize-file.ts\u001b[2m:49:24)\u001b[22m\n          at normalizeFile.next (<anonymous>)\n      \u001b[2mat run (\u001b[22m../../../../AppData/Local/npm-cache/_npx/b8d86e6551a4f492/node_modules/@babel/core/src/transformation/index.ts\u001b[2m:40:36)\u001b[22m\n          at run.next (<anonymous>)\n      \u001b[2mat transform (\u001b[22m../../../../AppData/Local/npm-cache/_npx/b8d86e6551a4f492/node_modules/@babel/core/src/transform.ts\u001b[2m:29:20)\u001b[22m\n          at transform.next (<anonymous>)\n      \u001b[2mat evaluateSync (\u001b[22m../../../../AppData/Local/npm-cache/_npx/b8d86e6551a4f492/node_modules/gensync/index.js\u001b[2m:251:28)\u001b[22m\n      \u001b[2mat sync (\u001b[22m../../../../AppData/Local/npm-cache/_npx/b8d86e6551a4f492/node_modules/gensync/index.js\u001b[2m:89:14)\u001b[22m\n      \u001b[2mat fn (\u001b[22m../../../../AppData/Local/npm-cache/_npx/b8d86e6551a4f492/node_modules/@babel/core/src/errors/rewrite-stack-trace.ts\u001b[2m:99:14)\u001b[22m\n      \u001b[2mat transformSync (\u001b[22m../../../../AppData/Local/npm-cache/_npx/b8d86e6551a4f492/node_modules/@babel/core/src/transform.ts\u001b[2m:66:52)\u001b[22m\n      \u001b[2mat ScriptTransformer.transformSource (\u001b[22m../../../../AppData/Local/npm-cache/_npx/b8d86e6551a4f492/node_modules/@jest/transform/build/index.js\u001b[2m:422:31)\u001b[22m\n      \u001b[2mat ScriptTransformer._transformAndBuildScript (\u001b[22m../../../../AppData/Local/npm-cache/_npx/b8d86e6551a4f492/node_modules/@jest/transform/build/index.js\u001b[2m:519:40)\u001b[22m\n      \u001b[2mat ScriptTransformer.transform (\u001b[22m../../../../AppData/Local/npm-cache/_npx/b8d86e6551a4f492/node_modules/@jest/transform/build/index.js\u001b[2m:558:19)\u001b[22m\n","name":"C:\\Users\\Ezequiel\\Desktop\\Code\\sunsteel\\sunnsteel-frontend\\__tests__\\app\\protected\\dashboard\\todays-workouts.test.tsx","startTime":1759535926440,"status":"failed","summary":""},{"assertionResults":[],"coverage":{},"endTime":1759535926440,"message":"  \u001b[1m● \u001b[22mTest suite failed to run\n\n    \u001b[1m\u001b[31mJest encountered an unexpected token\u001b[39m\u001b[22m\n\n    Jest failed to parse a file. This happens e.g. when your code or its dependencies use non-standard JavaScript syntax, or when Jest is not configured to support such syntax.\n\n    Out of the box Jest supports Babel, which will be used to transform your files into valid JS based on your Babel configuration.\n\n    By default \"node_modules\" folder is ignored by transformers.\n\n    Here's what you can do:\n     • If you are trying to use ECMAScript Modules, see \u001b[4mhttps://jestjs.io/docs/ecmascript-modules\u001b[24m for how to enable it.\n     • If you are trying to use TypeScript, see \u001b[4mhttps://jestjs.io/docs/getting-started#using-typescript\u001b[24m\n     • To have some of your \"node_modules\" files transformed, you can specify a custom \u001b[1m\"transformIgnorePatterns\"\u001b[22m in your config.\n     • If you need a custom transformation, specify a \u001b[1m\"transform\"\u001b[22m option in your config.\n     • If you simply want to mock your non-JS modules (e.g. binary assets) you can stub them out with the \u001b[1m\"moduleNameMapper\"\u001b[22m config option.\n\n    You'll find more details and examples of these config options in the docs:\n    \u001b[36mhttps://jestjs.io/docs/configuration\u001b[39m\n    For information about custom transformations, see:\n    \u001b[36mhttps://jestjs.io/docs/code-transformation\u001b[39m\n\n    \u001b[1m\u001b[31mDetails:\u001b[39m\u001b[22m\n\n    SyntaxError: C:\\Users\\Ezequiel\\Desktop\\Code\\sunsteel\\sunnsteel-frontend\\__tests__\\app\\protected\\workouts\\history-page.test.tsx: Unexpected token (9:6)\n\n    \u001b[0m \u001b[90m  7 |\u001b[39m \u001b[90m// Mock IntersectionObserver for jsdom\u001b[39m\n     \u001b[90m  8 |\u001b[39m \u001b[36mclass\u001b[39m \u001b[33mMockIntersectionObserver\u001b[39m {\n    \u001b[31m\u001b[1m>\u001b[22m\u001b[39m\u001b[90m  9 |\u001b[39m   root\u001b[33m:\u001b[39m \u001b[33mElement\u001b[39m \u001b[33m|\u001b[39m \u001b[36mnull\u001b[39m\n     \u001b[90m    |\u001b[39m       \u001b[31m\u001b[1m^\u001b[22m\u001b[39m\n     \u001b[90m 10 |\u001b[39m   rootMargin\u001b[33m:\u001b[39m string\n     \u001b[90m 11 |\u001b[39m   thresholds\u001b[33m:\u001b[39m \u001b[33mReadonlyArray\u001b[39m\u001b[33m<\u001b[39m\u001b[33mnumber\u001b[39m\u001b[33m>\u001b[39m\n     \u001b[90m 12 |\u001b[39m   constructor() {\u001b[0m\n\n      \u001b[2mat constructor (\u001b[22m../../../../AppData/Local/npm-cache/_npx/b8d86e6551a4f492/node_modules/@babel/parser/src/parse-error.ts\u001b[2m:95:45)\u001b[22m\n      \u001b[2mat Parser.toParseError [as raise] (\u001b[22m../../../../AppData/Local/npm-cache/_npx/b8d86e6551a4f492/node_modules/@babel/parser/src/tokenizer/index.ts\u001b[2m:1503:19)\u001b[22m\n      \u001b[2mat Parser.raise [as unexpected] (\u001b[22m../../../../AppData/Local/npm-cache/_npx/b8d86e6551a4f492/node_modules/@babel/parser/src/tokenizer/index.ts\u001b[2m:1543:16)\u001b[22m\n      \u001b[2mat Parser.unexpected [as parseClassMemberWithIsStatic] (\u001b[22m../../../../AppData/Local/npm-cache/_npx/b8d86e6551a4f492/node_modules/@babel/parser/src/parser/statement.ts\u001b[2m:2115:12)\u001b[22m\n      \u001b[2mat Parser.parseClassMemberWithIsStatic [as parseClassMember] (\u001b[22m../../../../AppData/Local/npm-cache/_npx/b8d86e6551a4f492/node_modules/@babel/parser/src/parser/statement.ts\u001b[2m:1933:10)\u001b[22m\n      \u001b[2mat parseClassMember (\u001b[22m../../../../AppData/Local/npm-cache/_npx/b8d86e6551a4f492/node_modules/@babel/parser/src/parser/statement.ts\u001b[2m:1846:14)\u001b[22m\n      \u001b[2mat Parser.callback [as withSmartMixTopicForbiddingContext] (\u001b[22m../../../../AppData/Local/npm-cache/_npx/b8d86e6551a4f492/node_modules/@babel/parser/src/parser/expression.ts\u001b[2m:3166:14)\u001b[22m\n      \u001b[2mat Parser.withSmartMixTopicForbiddingContext [as parseClassBody] (\u001b[22m../../../../AppData/Local/npm-cache/_npx/b8d86e6551a4f492/node_modules/@babel/parser/src/parser/statement.ts\u001b[2m:1818:10)\u001b[22m\n      \u001b[2mat Parser.parseClassBody [as parseClass] (\u001b[22m../../../../AppData/Local/npm-cache/_npx/b8d86e6551a4f492/node_modules/@babel/parser/src/parser/statement.ts\u001b[2m:1769:22)\u001b[22m\n      \u001b[2mat Parser.parseClass [as parseStatementContent] (\u001b[22m../../../../AppData/Local/npm-cache/_npx/b8d86e6551a4f492/node_modules/@babel/parser/src/parser/statement.ts\u001b[2m:527:21)\u001b[22m\n      \u001b[2mat Parser.parseStatementContent [as parseStatementLike] (\u001b[22m../../../../AppData/Local/npm-cache/_npx/b8d86e6551a4f492/node_modules/@babel/parser/src/parser/statement.ts\u001b[2m:477:17)\u001b[22m\n      \u001b[2mat Parser.parseStatementLike [as parseModuleItem] (\u001b[22m../../../../AppData/Local/npm-cache/_npx/b8d86e6551a4f492/node_modules/@babel/parser/src/parser/statement.ts\u001b[2m:414:17)\u001b[22m\n      \u001b[2mat Parser.parseModuleItem [as parseBlockOrModuleBlockBody] (\u001b[22m../../../../AppData/Local/npm-cache/_npx/b8d86e6551a4f492/node_modules/@babel/parser/src/parser/statement.ts\u001b[2m:1438:16)\u001b[22m\n      \u001b[2mat Parser.parseBlockOrModuleBlockBody [as parseBlockBody] (\u001b[22m../../../../AppData/Local/npm-cache/_npx/b8d86e6551a4f492/node_modules/@babel/parser/src/parser/statement.ts\u001b[2m:1412:10)\u001b[22m\n      \u001b[2mat Parser.parseBlockBody [as parseProgram] (\u001b[22m../../../../AppData/Local/npm-cache/_npx/b8d86e6551a4f492/node_modules/@babel/parser/src/parser/statement.ts\u001b[2m:229:10)\u001b[22m\n      \u001b[2mat Parser.parseProgram [as parseTopLevel] (\u001b[22m../../../../AppData/Local/npm-cache/_npx/b8d86e6551a4f492/node_modules/@babel/parser/src/parser/statement.ts\u001b[2m:203:25)\u001b[22m\n      \u001b[2mat Parser.parseTopLevel [as parse] (\u001b[22m../../../../AppData/Local/npm-cache/_npx/b8d86e6551a4f492/node_modules/@babel/parser/src/parser/index.ts\u001b[2m:93:10)\u001b[22m\n      \u001b[2mat parse (\u001b[22m../../../../AppData/Local/npm-cache/_npx/b8d86e6551a4f492/node_modules/@babel/parser/src/index.ts\u001b[2m:92:38)\u001b[22m\n      \u001b[2mat parser (\u001b[22m../../../../AppData/Local/npm-cache/_npx/b8d86e6551a4f492/node_modules/@babel/core/src/parser/index.ts\u001b[2m:28:19)\u001b[22m\n          at parser.next (<anonymous>)\n      \u001b[2mat normalizeFile (\u001b[22m../../../../AppData/Local/npm-cache/_npx/b8d86e6551a4f492/node_modules/@babel/core/src/transformation/normalize-file.ts\u001b[2m:49:24)\u001b[22m\n          at normalizeFile.next (<anonymous>)\n      \u001b[2mat run (\u001b[22m../../../../AppData/Local/npm-cache/_npx/b8d86e6551a4f492/node_modules/@babel/core/src/transformation/index.ts\u001b[2m:40:36)\u001b[22m\n          at run.next (<anonymous>)\n      \u001b[2mat transform (\u001b[22m../../../../AppData/Local/npm-cache/_npx/b8d86e6551a4f492/node_modules/@babel/core/src/transform.ts\u001b[2m:29:20)\u001b[22m\n          at transform.next (<anonymous>)\n      \u001b[2mat evaluateSync (\u001b[22m../../../../AppData/Local/npm-cache/_npx/b8d86e6551a4f492/node_modules/gensync/index.js\u001b[2m:251:28)\u001b[22m\n      \u001b[2mat sync (\u001b[22m../../../../AppData/Local/npm-cache/_npx/b8d86e6551a4f492/node_modules/gensync/index.js\u001b[2m:89:14)\u001b[22m\n      \u001b[2mat fn (\u001b[22m../../../../AppData/Local/npm-cache/_npx/b8d86e6551a4f492/node_modules/@babel/core/src/errors/rewrite-stack-trace.ts\u001b[2m:99:14)\u001b[22m\n      \u001b[2mat transformSync (\u001b[22m../../../../AppData/Local/npm-cache/_npx/b8d86e6551a4f492/node_modules/@babel/core/src/transform.ts\u001b[2m:66:52)\u001b[22m\n      \u001b[2mat ScriptTransformer.transformSource (\u001b[22m../../../../AppData/Local/npm-cache/_npx/b8d86e6551a4f492/node_modules/@jest/transform/build/index.js\u001b[2m:422:31)\u001b[22m\n      \u001b[2mat ScriptTransformer._transformAndBuildScript (\u001b[22m../../../../AppData/Local/npm-cache/_npx/b8d86e6551a4f492/node_modules/@jest/transform/build/index.js\u001b[2m:519:40)\u001b[22m\n      \u001b[2mat ScriptTransformer.transform (\u001b[22m../../../../AppData/Local/npm-cache/_npx/b8d86e6551a4f492/node_modules/@jest/transform/build/index.js\u001b[2m:558:19)\u001b[22m\n","name":"C:\\Users\\Ezequiel\\Desktop\\Code\\sunsteel\\sunnsteel-frontend\\__tests__\\app\\protected\\workouts\\history-page.test.tsx","startTime":1759535926440,"status":"failed","summary":""},{"assertionResults":[],"coverage":{},"endTime":1759535926440,"message":"  \u001b[1m● \u001b[22mTest suite failed to run\n\n    \u001b[1m\u001b[31mJest encountered an unexpected token\u001b[39m\u001b[22m\n\n    Jest failed to parse a file. This happens e.g. when your code or its dependencies use non-standard JavaScript syntax, or when Jest is not configured to support such syntax.\n\n    Out of the box Jest supports Babel, which will be used to transform your files into valid JS based on your Babel configuration.\n\n    By default \"node_modules\" folder is ignored by transformers.\n\n    Here's what you can do:\n     • If you are trying to use ECMAScript Modules, see \u001b[4mhttps://jestjs.io/docs/ecmascript-modules\u001b[24m for how to enable it.\n     • If you are trying to use TypeScript, see \u001b[4mhttps://jestjs.io/docs/getting-started#using-typescript\u001b[24m\n     • To have some of your \"node_modules\" files transformed, you can specify a custom \u001b[1m\"transformIgnorePatterns\"\u001b[22m in your config.\n     • If you need a custom transformation, specify a \u001b[1m\"transform\"\u001b[22m option in your config.\n     • If you simply want to mock your non-JS modules (e.g. binary assets) you can stub them out with the \u001b[1m\"moduleNameMapper\"\u001b[22m config option.\n\n    You'll find more details and examples of these config options in the docs:\n    \u001b[36mhttps://jestjs.io/docs/configuration\u001b[39m\n    For information about custom transformations, see:\n    \u001b[36mhttps://jestjs.io/docs/code-transformation\u001b[39m\n\n    \u001b[1m\u001b[31mDetails:\u001b[39m\u001b[22m\n\n    SyntaxError: C:\\Users\\Ezequiel\\Desktop\\Code\\sunsteel\\sunnsteel-frontend\\__tests__\\app\\protected\\routines\\new-wizard-e2e.test.tsx: Support for the experimental syntax 'jsx' isn't currently enabled (53:12):\n\n    \u001b[0m \u001b[90m 51 |\u001b[39m\n     \u001b[90m 52 |\u001b[39m     \u001b[36mconst\u001b[39m \u001b[33mWrapper\u001b[39m \u001b[33m=\u001b[39m createQueryWrapper()\n    \u001b[31m\u001b[1m>\u001b[22m\u001b[39m\u001b[90m 53 |\u001b[39m     render(\u001b[33m<\u001b[39m\u001b[33mCreateRoutinePage\u001b[39m \u001b[33m/\u001b[39m\u001b[33m>\u001b[39m\u001b[33m,\u001b[39m { wrapper\u001b[33m:\u001b[39m \u001b[33mWrapper\u001b[39m \u001b[36mas\u001b[39m \u001b[33mReact\u001b[39m\u001b[33m.\u001b[39m\u001b[33mComponentType\u001b[39m\u001b[33m<\u001b[39m{ children\u001b[33m:\u001b[39m \u001b[33mReact\u001b[39m\u001b[33m.\u001b[39m\u001b[33mReactNode\u001b[39m }\u001b[33m>\u001b[39m })\n     \u001b[90m    |\u001b[39m            \u001b[31m\u001b[1m^\u001b[22m\u001b[39m\n     \u001b[90m 54 |\u001b[39m\n     \u001b[90m 55 |\u001b[39m     \u001b[90m// Step 1: Basic Info — set name, keep schedule = NONE\u001b[39m\n     \u001b[90m 56 |\u001b[39m     \u001b[36mconst\u001b[39m nameInput \u001b[33m=\u001b[39m screen\u001b[33m.\u001b[39mgetByLabelText(\u001b[35m/Routine Name/i\u001b[39m)\u001b[0m\n\n    Add @babel/preset-react (https://github.com/babel/babel/tree/main/packages/babel-preset-react) to the 'presets' section of your Babel config to enable tra
[...]
ens e.g. when your code or its dependencies use non-standard JavaScript syntax, or when Jest is not configured to support such syntax.\n\n    Out of the box Jest supports Babel, which will be used to transform your files into valid JS based on your Babel configuration.\n\n    By default \"node_modules\" folder is ignored by transformers.\n\n    Here's what you can do:\n     • If you are trying to use ECMAScript Modules, see \u001b[4mhttps://jestjs.io/docs/ecmascript-modules\u001b[24m for how to enable it.\n     • If you are trying to use TypeScript, see \u001b[4mhttps://jestjs.io/docs/getting-started#using-typescript\u001b[24m\n     • To have some of your \"node_modules\" files transformed, you can specify a custom \u001b[1m\"transformIgnorePatterns\"\u001b[22m in your config.\n     • If you need a custom transformation, specify a \u001b[1m\"transform\"\u001b[22m option in your config.\n     • If you simply want to mock your non-JS modules (e.g. binary assets) you can stub them out with the \u001b[1m\"moduleNameMapper\"\u001b[22m config option.\n\n    You'll find more details and examples of these config options in the docs:\n    \u001b[36mhttps://jestjs.io/docs/configuration\u001b[39m\n    For information about custom transformations, see:\n    \u001b[36mhttps://jestjs.io/docs/code-transformation\u001b[39m\n\n    \u001b[1m\u001b[31mDetails:\u001b[39m\u001b[22m\n\n    SyntaxError: C:\\Users\\Ezequiel\\Desktop\\Code\\sunsteel\\sunnsteel-frontend\\__tests__\\hooks\\use-set-log-form.test.ts: Missing semicolon. (11:55)\n\n    \u001b[0m \u001b[90m  9 |\u001b[39m vi\u001b[33m.\u001b[39mmock(\u001b[32m'@/lib/utils/save-status-store'\u001b[39m)\n     \u001b[90m 10 |\u001b[39m\n    \u001b[31m\u001b[1m>\u001b[22m\u001b[39m\u001b[90m 11 |\u001b[39m \u001b[36mconst\u001b[39m mockValidateSetLogPayload \u001b[33m=\u001b[39m validateSetLogPayload \u001b[36mas\u001b[39m vi\u001b[33m.\u001b[39m\u001b[33mMockedFunction\u001b[39m\u001b[33m<\u001b[39m\u001b[36mtypeof\u001b[39m validateSetLogPayload\u001b[33m>\u001b[39m\n     \u001b[90m    |\u001b[39m                                                        \u001b[31m\u001b[1m^\u001b[22m\u001b[39m\n     \u001b[90m 12 |\u001b[39m \u001b[36mconst\u001b[39m mockValidateWeight \u001b[33m=\u001b[39m validateWeight \u001b[36mas\u001b[39m vi\u001b[33m.\u001b[39m\u001b[33mMockedFunction\u001b[39m\u001b[33m<\u001b[39m\u001b[36mtypeof\u001b[39m validateWeight\u001b[33m>\u001b[39m\n     \u001b[90m 13 |\u001b[39m \u001b[36mconst\u001b[39m mockUseSaveState \u001b[33m=\u001b[39m useSaveState \u001b[36mas\u001b[39m vi\u001b[33m.\u001b[39m\u001b[33mMockedFunction\u001b[39m\u001b[33m<\u001b[39m\u001b[36mtypeof\u001b[39m useSaveState\u001b[33m>\u001b[39m\n     \u001b[90m 14 |\u001b[39m\u001b[0m\n\n      \u001b[2mat constructor (\u001b[22m../../../../AppData/Local/npm-cache/_npx/b8d86e6551a4f492/node_modules/@babel/parser/src/parse-error.ts\u001b[2m:95:45)\u001b[22m\n      \u001b[2mat Parser.toParseError [as raise] (\u001b[22m../../../../AppData/Local/npm-cache/_npx/b8d86e6551a4f492/node_modules/@babel/parser/src/tokenizer/index.ts\u001b[2m:1503:19)\u001b[22m\n      \u001b[2mat Parser.raise [as semicolon] (\u001b[22m../../../../AppData/Local/npm-cache/_npx/b8d86e6551a4f492/node_modules/@babel/parser/src/parser/util.ts\u001b[2m:149:10)\u001b[22m\n      \u001b[2mat Parser.semicolon [as parseVarStatement] (\u001b[22m../../../../AppData/Local/npm-cache/_npx/b8d86e6551a4f492/node_modules/@babel/parser/src/parser/statement.ts\u001b[2m:1247:10)\u001b[22m\n      \u001b[2mat Parser.parseVarStatement [as parseStatementContent] (\u001b[22m../../../../AppData/Local/npm-cache/_npx/b8d86e6551a4f492/node_modules/@babel/parser/src/parser/statement.ts\u001b[2m:607:21)\u001b[22m\n      \u001b[2mat Parser.parseStatementContent [as parseStatementLike] (\u001b[22m../../../../AppData/Local/npm-cache/_npx/b8d86e6551a4f492/node_modules/@babel/parser/src/parser/statement.ts\u001b[2m:477:17)\u001b[22m\n      \u001b[2mat Parser.parseStatementLike [as parseModuleItem] (\u001b[22m../../../../AppData/Local/npm-cache/_npx/b8d86e6551a4f492/node_modules/@babel/parser/src/parser/statement.ts\u001b[2m:414:17)\u001b[22m\n      \u001b[2mat Parser.parseModuleItem [as parseBlockOrModuleBlockBody] (\u001b[22m../../../../AppData/Local/npm-cache/_npx/b8d86e6551a4f492/node_modules/@babel/parser/src/parser/statement.ts\u001b[2m:1438:16)\u001b[22m\n      \u001b[2mat Parser.parseBlockOrModuleBlockBody [as parseBlockBody] (\u001b[22m../../../../AppData/Local/npm-cache/_npx/b8d86e6551a4f492/node_modules/@babel/parser/src/parser/statement.ts\u001b[2m:1412:10)\u001b[22m\n      \u001b[2mat Parser.parseBlockBody [as parseProgram] (\u001b[22m../../../../AppData/Local/npm-cache/_npx/b8d86e6551a4f492/node_modules/@babel/parser/src/parser/statement.ts\u001b[2m:229:10)\u001b[22m\n      \u001b[2mat Parser.parseProgram [as parseTopLevel] (\u001b[22m../../../../AppData/Local/npm-cache/_npx/b8d86e6551a4f492/node_modules/@babel/parser/src/parser/statement.ts\u001b[2m:203:25)\u001b[22m\n      \u001b[2mat Parser.parseTopLevel [as parse] (\u001b[22m../../../../AppData/Local/npm-cache/_npx/b8d86e6551a4f492/node_modules/@babel/parser/src/parser/index.ts\u001b[2m:93:10)\u001b[22m\n      \u001b[2mat parse (\u001b[22m../../../../AppData/Local/npm-cache/_npx/b8d86e6551a4f492/node_modules/@babel/parser/src/index.ts\u001b[2m:92:38)\u001b[22m\n      \u001b[2mat parser (\u001b[22m../../../../AppData/Local/npm-cache/_npx/b8d86e6551a4f492/node_modules/@babel/core/src/parser/index.ts\u001b[2m:28:19)\u001b[22m\n          at parser.next (<anonymous>)\n      \u001b[2mat normalizeFile (\u001b[22m../../../../AppData/Local/npm-cache/_npx/b8d86e6551a4f492/node_modules/@babel/core/src/transformation/normalize-file.ts\u001b[2m:49:24)\u001b[22m\n          at normalizeFile.next (<anonymous>)\n      \u001b[2mat run (\u001b[22m../../../../AppData/Local/npm-cache/_npx/b8d86e6551a4f492/node_modules/@babel/core/src/transformation/index.ts\u001b[2m:40:36)\u001b[22m\n          at run.next (<anonymous>)\n      \u001b[2mat transform (\u001b[22m../../../../AppData/Local/npm-cache/_npx/b8d86e6551a4f492/node_modules/@babel/core/src/transform.ts\u001b[2m:29:20)\u001b[22m\n          at transform.next (<anonymous>)\n      \u001b[2mat evaluateSync (\u001b[22m../../../../AppData/Local/npm-cache/_npx/b8d86e6551a4f492/node_modules/gensync/index.js\u001b[2m:251:28)\u001b[22m\n      \u001b[2mat sync (\u001b[22m../../../../AppData/Local/npm-cache/_npx/b8d86e6551a4f492/node_modules/gensync/index.js\u001b[2m:89:14)\u001b[22m\n      \u001b[2mat fn (\u001b[22m../../../../AppData/Local/npm-cache/_npx/b8d86e6551a4f492/node_modules/@babel/core/src/errors/rewrite-stack-trace.ts\u001b[2m:99:14)\u001b[22m\n      \u001b[2mat transformSync (\u001b[22m../../../../AppData/Local/npm-cache/_npx/b8d86e6551a4f492/node_modules/@babel/core/src/transform.ts\u001b[2m:66:52)\u001b[22m\n      \u001b[2mat ScriptTransformer.transformSource (\u001b[22m../../../../AppData/Local/npm-cache/_npx/b8d86e6551a4f492/node_modules/@jest/transform/build/index.js\u001b[2m:422:31)\u001b[22m\n      \u001b[2mat ScriptTransformer._transformAndBuildScript (\u001b[22m../../../../AppData/Local/npm-cache/_npx/b8d86e6551a4f492/node_modules/@jest/transform/build/index.js\u001b[2m:519:40)\u001b[22m\n      \u001b[2mat ScriptTransformer.transform (\u001b[22m../../../../AppData/Local/npm-cache/_npx/b8d86e6551a4f492/node_modules/@jest/transform/build/index.js\u001b[2m:558:19)\u001b[22m\n","name":"C:\\Users\\Ezequiel\\Desktop\\Code\\sunsteel\\sunnsteel-frontend\\__tests__\\hooks\\use-set-log-form.test.ts","startTime":1759535926440,"status":"failed","summary":""},{"assertionResults":[],"coverage":{},"endTime":1759535926440,"message":"  \u001b[1m● \u001b[22mTest suite failed to run\n\n    \u001b[1m\u001b[31mJest encountered an unexpected token\u001b[39m\u001b[22m\n\n    Jest failed to parse a file. This happens e.g. when your code or its dependencies use non-standard JavaScript syntax, or when Jest is not configured to support such syntax.\n\n    Out of the box Jest supports Babel, which will be used to transform your files into valid JS based on your Babel configuration.\n\n    By default \"node_modules\" folder is ignored by transformers.\n\n    Here's what you can do:\n     • If you are trying to use ECMAScript Modules, see \u001b[4mhttps://jestjs.io/docs/ecmascript-modules\u001b[24m for how to enable it.\n     • If you are trying to use TypeScript, see \u001b[4mhttps://jestjs.io/docs/getting-started#using-typescript\u001b[24m\n     • To have some of your \"node_modules\" files transformed, you can specify a custom \u001b[1m\"transformIgnorePatterns\"\u001b[22m in your config.\n     • If you need a custom transformation, specify a \u001b[1m\"transform\"\u001b[22m option in your config.\n     • If you simply want to mock your non-JS modules (e.g. binary assets) you can stub them out with the \u001b[1m\"moduleNameMapper\"\u001b[22m config option.\n\n    You'll find more details and examples of these config options in the docs:\n    \u001b[36mhttps://jestjs.io/docs/configuration\u001b[39m\n    For information about custom transformations, see:\n    \u001b[36mhttps://jestjs.io/docs/code-transformation\u001b[39m\n\n    \u001b[1m\u001b[31mDetails:\u001b[39m\u001b[22m\n\n    C:\\Users\\Ezequiel\\Desktop\\Code\\sunsteel\\sunnsteel-frontend\\__tests__\\utils\\time-format.utils.test.ts:1\n    import { formatTime, formatDuration, calculateDuration } from '@/lib/utils/time-format.utils';\n    ^^^^^^\n\n    SyntaxError: Cannot use import statement outside a module\n\n      \u001b[2mat Runtime.createScriptFromCode (\u001b[22m../../../../AppData/Local/npm-cache/_npx/b8d86e6551a4f492/node_modules/jest-runtime/build/index.js\u001b[2m:1318:40)\u001b[22m\n","name":"C:\\Users\\Ezequiel\\Desktop\\Code\\sunsteel\\sunnsteel-frontend\\__tests__\\utils\\time-format.utils.test.ts","startTime":1759535926440,"status":"failed","summary":""},{"assertionResults":[],"coverage":{},"endTime":1759535926440,"message":"  \u001b[1m● \u001b[22mTest suite failed to run\n\n    \u001b[1m\u001b[31mJest encountered an unexpected token\u001b[39m\u001b[22m\n\n    Jest failed to parse a file. This happens e.g. when your code or its dependencies use non-standard JavaScript syntax, or when Jest is not configured to support such syntax.\n\n    Out of the box Jest supports Babel, which will be used to transform your files into valid JS based on your Babel configuration.\n\n    By default \"node_modules\" folder is ignored by transformers.\n\n    Here's what you can do:\n     • If you are trying to use ECMAScript Modules, see \u001b[4mhttps://jestjs.io/docs/ecmascript-modules\u001b[24m for how to enable it.\n     • If you are trying to use TypeScript, see \u001b[4mhttps://jestjs.io/docs/getting-started#using-typescript\u001b[24m\n     • To have some of your \"node_modules\" files transformed, you can specify a custom \u001b[1m\"transformIgnorePatterns\"\u001b[22m in your config.\n     • If you need a custom transformation, specify a \u001b[1m\"transform\"\u001b[22m option in your config.\n     • If you simply want to mock your non-JS modules (e.g. binary assets) you can stub them out with the \u001b[1m\"moduleNameMapper\"\u001b[22m config option.\n\n    You'll find more details and examples of these config options in the docs:\n    \u001b[36mhttps://jestjs.io/docs/configuration\u001b[39m\n    For information about custom transformations, see:\n    \u001b[36mhttps://jestjs.io/docs/code-transformation\u001b[39m\n\n    \u001b[1m\u001b[31mDetails:\u001b[39m\u001b[22m\n\n    SyntaxError: C:\\Users\\Ezequiel\\Desktop\\Code\\sunsteel\\sunnsteel-frontend\\__tests__\\hooks\\use-session-management.test.ts: Missing semicolon. (11:61)\n\n    \u001b[0m \u001b[90m  9 |\u001b[39m vi\u001b[33m.\u001b[39mmock(\u001b[32m'@/lib/utils/session-validation.utils'\u001b[39m)\n     \u001b[90m 10 |\u001b[39m\n    \u001b[31m\u001b[1m>\u001b[22m\u001b[39m\u001b[90m 11 |\u001b[39m \u001b[36mconst\u001b[39m mockCalculateSessionProgress \u001b[33m=\u001b[39m calculateSessionProgress \u001b[36mas\u001b[39m vi\u001b[33m.\u001b[39m\u001b[33mMockedFunction\u001b[39m\u001b[33m<\u001b[39m\u001b[36mtypeof\u001b[39m calculateSessionProgress\u001b[33m>\u001b[39m\n     \u001b[90m    |\u001b[39m                                                              \u001b[31m\u001b[1m^\u001b[22m\u001b[39m\n     \u001b[90m 12 |\u001b[39m \u001b[36mconst\u001b[39m mockValidateSessionFinish \u001b[33m=\u001b[39m validateSessionFinish \u001b[36mas\u001b[39m vi\u001b[33m.\u001b[39m\u001b[33mMockedFunction\u001b[39m\u001b[33m<\u001b[39m\u001b[36mtypeof\u001b[39m validateSessionFinish\u001b[33m>\u001b[39m\n     \u001b[90m 13 |\u001b[39m\n     \u001b[90m 14 |\u001b[39m \u001b[90m// Mock data\u001b[39m\u001b[0m\n\n      \u001b[2mat constructor (\u001b[22m../../../../AppData/Local/npm-cache/_npx/b8d86e6551a4f492/node_modules/@babel/parser/src/parse-error.ts\u001b[2m:95:45)\u001b[22m\n      \u001b[2mat Parser.toParseError [as raise] (\u001b[22m../../../../AppData/Local/npm-cache/_npx/b8d86e6551a4f492/node_modules/@babel/parser/src/tokenizer/index.ts\u001b[2m:1503:19)\u001b[22m\n      \u001b[2mat Parser.raise [as semicolon] (\u001b[22m../../../../AppData/Local/npm-cache/_npx/b8d86e6551a4f492/node_modules/@babel/parser/src/parser/util.ts\u001b[2m:149:10)\u001b[22m\n      \u001b[2mat Parser.semicolon [as parseVarStatement] (\u001b[22m../../../../AppData/Local/npm-cache/_npx/b8d86e6551a4f492/node_modules/@babel/parser/src/parser/statement.ts\u001b[2m:1247:10)\u001b[22m\n      \u001b[2mat Parser.parseVarStatement [as parseStatementContent] (\u001b[22m../../../../AppData/Local/npm-cache/_npx/b8d86e6551a4f492/node_modules/@babel/parser/src/parser/statement.ts\u001b[2m:607:21)\u001b[22m\n      \u001b[2mat Parser.parseStatementContent [as parseStatementLike] (\u001b[22m../../../../AppData/Local/npm-cache/_npx/b8d86e6551a4f492/node_modules/@babel/parser/src/parser/statement.ts\u001b[2m:477:17)\u001b[22m\n      \u001b[2mat Parser.parseStatementLike [as parseModuleItem] (\u001b[22m../../../../AppData/Local/npm-cache/_npx/b8d86e6551a4f492/node_modules/@babel/parser/src/parser/statement.ts\u001b[2m:414:17)\u001b[22m\n      \u001b[2mat Parser.parseModuleItem [as parseBlockOrModuleBlockBody] (\u001b[22m../../../../AppData/Local/npm-cache/_npx/b8d86e6551a4f492/node_modules/@babel/parser/src/parser/statement.ts\u001b[2m:1438:16)\u001b[22m\n      \u001b[2mat Parser.parseBlockOrModuleBlockBody [as parseBlockBody] (\u001b[22m../../../../AppData/Local/npm-cache/_npx/b8d86e6551a4f492/node_modules/@babel/parser/src/parser/statement.ts\u001b[2m:1412:10)\u001b[22m\n      \u001b[2mat Parser.parseBlockBody [as parseProgram] (\u001b[22m../../../../AppData/Local/npm-cache/_npx/b8d86e6551a4f492/node_modules/@babel/parser/src/parser/statement.ts\u001b[2m:229:10)\u001b[22m\n      \u001b[2mat Parser.parseProgram [as parseTopLevel] (\u001b[22m../../../../AppData/Local/npm-cache/_npx/b8d86e6551a4f492/node_modules/@babel/parser/src/parser/statement.ts\u001b[2m:203:25)\u001b[22m\n      \u001b[2mat Parser.parseTopLevel [as parse] (\u001b[22m../../../../AppData/Local/npm-cache/_npx/b8d86e6551a4f492/node_modules/@babel/parser/src/parser/index.ts\u001b[2m:93:10)\u001b[22m\n      \u001b[2mat parse (\u001b[22m../../../../AppData/Local/npm-cache/_npx/b8d86e6551a4f492/node_modules/@babel/parser/src/index.ts\u001b[2m:92:38)\u001b[22m\n      \u001b[2mat parser (\u001b[22m../../../../AppData/Local/npm-cache/_npx/b8d86e6551a4f492/node_modules/@babel/core/src/parser/index.ts\u001b[2m:28:19)\u001b[22m\n          at parser.next (<anonymous>)\n      \u001b[2mat normalizeFile (\u001b[22m../../../../AppData/Local/npm-cache/_npx/b8d86e6551a4f492/node_modules/@babel/core/src/transformation/normalize-file.ts\u001b[2m:49:24)\u001b[22m\n          at normalizeFile.next (<anonymous>)\n      \u001b[2mat run (\u001b[22m../../../../AppData/Local/npm-cache/_npx/b8d86e6551a4f492/node_modules/@babel/core/src/transformation/index.ts\u001b[2m:40:36)\u001b[22m\n          at run.next (<anonymous>)\n      \u001b[2mat transform (\u001b[22m../../../../AppData/Local/npm-cache/_npx/b8d86e6551a4f492/node_modules/@babel/core/src/transform.ts\u001b[2m:29:20)\u001b[22m\n          at transform.next (<anonymous>)\n      \u001b[2mat evaluateSync (\u001b[22m../../../../AppData/Local/npm-cache/_npx/b8d86e6551a4f492/node_modules/gensync/index.js\u001b[2m:251:28)\u001b[22m\n      \u001b[2mat sync (\u001b[22m../../../../AppData/Local/npm-cache/_npx/b8d86e6551a4f492/node_modules/gensync/index.js\u001b[2m:89:14)\u001b[22m\n      \u001b[2mat fn (\u001b[22m../../../../AppData/Local/npm-cache/_npx/b8d86e6551a4f492/node_modules/@babel/core/src/errors/rewrite-stack-trace.ts\u001b[2m:99:14)\u001b[22m\n      \u001b[2mat transformSync (\u001b[22m../../../../AppData/Local/npm-cache/_npx/b8d86e6551a4f492/node_modules/@babel/core/src/transform.ts\u001b[2m:66:52)\u001b[22m\n      \u001b[2mat ScriptTransformer.transformSource (\u001b[22m../../../../AppData/Local/npm-cache/_npx/b8d86e6551a4f492/node_modules/@jest/transform/build/index.js\u001b[2m:422:31)\u001b[22m\n      \u001b[2mat ScriptTransformer._transformAndBuildScript (\u001b[22m../../../../AppData/Local/npm-cache/_npx/b8d86e6551a4f492/node_modules/@jest/transform/build/index.js\u001b[2m:519:40)\u001b[22m\n      \u001b[2mat ScriptTransformer.transform (\u001b[22m../../../../AppData/Local/npm-cache/_npx/b8d86e6551a4f492/node_modules/@jest/transform/build/index.js\u001b[2m:558:19)\u001b[22m\n","name":"C:\\Users\\Ezequiel\\Desktop\\Code\\sunsteel\\sunnsteel-frontend\\__tests__\\hooks\\use-session-management.test.ts","startTime":1759535926440,"status":"failed","summary":""},{"assertionResults":[],"coverage":{},"endTime":1759535926440,"message":"  \u001b[1m● \u001b[22mTest suite failed to run\n\n    \u001b[1m\u001b[31mJest encountered an unexpected token\u001b[39m\u001b[22m\n\n    Jest failed to parse a file. This happens e.g. when your code or its dependencies use non-standard JavaScript syntax, or when Jest is not configured to support such syntax.\n\n    Out of the box Jest supports Babel, which will be used to transform your files into valid JS based on your Babel configuration.\n\n    By default \"node_modules\" folder is ignored by transformers.\n\n    Here's what you can do:\n     • If you are trying to use ECMAScript Modules, see \u001b[4mhttps://jestjs.io/docs/ecmascript-modules\u001b[24m for how to enable it.\n     • If you are trying to use TypeScript, see \u001b[4mhttps://jestjs.io/docs/getting-started#using-typescript\u001b[24m\n     • To have some of your \"node_modules\" files transformed, you can specify a custom \u001b[1m\"transformIgnorePatterns\"\u001b[22m in your config.\n     • If you need a custom transformation, specify a \u001b[1m\"transform\"\u001b[22m option in your config.\n     • If you simply want to mock your non-JS modules (e.g. binary assets) you can stub them out with the \u001b[1m\"moduleNameMapper\"\u001b[22m config option.\n\n    You'll find more details and examples of these config options in the docs:\n    \u001b[36mhttps://jestjs.io/docs/configuration\u001b[39m\n    For information about custom transformations, see:\n    \u001b[36mhttps://jestjs.io/docs/code-transformation\u001b[39m\n\n    \u001b[1m\u001b[31mDetails:\u001b[39m\u001b[22m\n\n    C:\\Users\\Ezequiel\\Desktop\\Code\\sunsteel\\sunnsteel-frontend\\__tests__\\hooks\\use-collapsible-exercises.test.ts:1\n    import { renderHook, act } from '@testing-library/react';\n    ^^^^^^\n\n    SyntaxError: Cannot use import statement outside a module\n\n      \u001b[2mat Runtime.createScriptFromCode (\u001b[22m../../../../AppData/Local/npm-cache/_npx/b8d86e6551a4f492/node_modules/jest-runtime/build/index.js\u001b[2m:1318:40)\u001b[22m\n","name":"C:\\Users\\Ezequiel\\Desktop\\Code\\sunsteel\\sunnsteel-frontend\\__tests__\\hooks\\use-collapsible-exercises.test.ts","startTime":1759535926440,"status":"failed","summary":""}],"wasInterrupted":false}
